#
# There is insufficient memory for the Java Runtime Environment to continue.
# Native memory allocation (malloc) failed to allocate 1048576 bytes. Error detail: AllocateHeap
# Possible reasons:
#   The system is out of physical RAM or swap space
#   This process is running with CompressedOops enabled, and the Java Heap may be blocking the growth of the native heap
# Possible solutions:
#   Reduce memory load on the system
#   Increase physical memory or swap space
#   Check if swap backing store is full
#   Decrease Java heap size (-Xmx/-Xms)
#   Decrease number of Java threads
#   Decrease Java thread stack sizes (-Xss)
#   Set larger code cache with -XX:ReservedCodeCacheSize=
#   JVM is running with Zero Based Compressed Oops mode in which the Java heap is
#     placed in the first 32GB address space. The Java Heap base address is the
#     maximum limit for the native heap growth. Please use -XX:HeapBaseMinAddress
#     to set the Java Heap base and to place the Java Heap above 32GB virtual address.
# This output file may be truncated or incomplete.
#
#  Out of Memory Error (allocation.cpp:44), pid=20464, tid=3652
#
# JRE version:  (21.0.8+9) (build )
# Java VM: OpenJDK 64-Bit Server VM (21.0.8+9-LTS, mixed mode, sharing, tiered, compressed oops, compressed class ptrs, g1 gc, windows-amd64)
# No core dump will be written. Minidumps are not enabled by default on client versions of Windows
#

---------------  S U M M A R Y ------------

Command Line: -agentlib:jdwp=transport=dt_socket,server=n,suspend=y,address=localhost:51451 -XX:+ShowCodeDetailsInExceptionMessages ifCetakKRSNoPresensi

Host: 12th Gen Intel(R) Core(TM) i5-12450HX, 12 cores, 11G,  Windows 11 , 64 bit Build 26100 (10.0.26100.2454)
Time: Wed Oct  8 11:14:20 2025 SE Asia Standard Time elapsed time: 0.038225 seconds (0d 0h 0m 0s)

---------------  T H R E A D  ---------------

Current thread (0x00000267648452a0):  JavaThread "Unknown thread" [_thread_in_vm, id=3652, stack(0x000000ee2e000000,0x000000ee2e100000) (1024K)]

Stack: [0x000000ee2e000000,0x000000ee2e100000]
Native frames: (J=compiled Java code, j=interpreted, Vv=VM code, C=native code)
V  [jvm.dll+0x6d2449]
V  [jvm.dll+0x8ae341]
V  [jvm.dll+0x8b08be]
V  [jvm.dll+0x8b0fa3]
V  [jvm.dll+0x280c96]
V  [jvm.dll+0xc0347]
V  [jvm.dll+0x334f55]
V  [jvm.dll+0x32d431]
V  [jvm.dll+0x8775d9]
V  [jvm.dll+0x3bed71]
V  [jvm.dll+0x8605d3]
V  [jvm.dll+0x4530ee]
V  [jvm.dll+0x454d31]
C  [jli.dll+0x5278]
C  [ucrtbase.dll+0x14ea0]
C  [KERNEL32.DLL+0x2e8d7]
C  [ntdll.dll+0xdfbcc]


---------------  P R O C E S S  ---------------

Threads class SMR info:
_java_thread_list=0x00007ffb876c11c8, length=0, elements={
}

Java Threads: ( => current thread )
Total: 0

Other Threads:
  0x0000026764896bb0 WorkerThread "GC Thread#0"                     [id=8088, stack(0x000000ee2e100000,0x000000ee2e200000) (1024K)]

[error occurred during error reporting (printing all threads), id 0xc0000005, EXCEPTION_ACCESS_VIOLATION (0xc0000005) at pc=0x00007ffb86db9af0]
VM state: not at safepoint (not fully initialized)

VM Mutex/Monitor currently owned by a thread:  ([mutex/lock_event])
[0x00007ffb87735558] Heap_lock - owner thread: 0x00000267648452a0

Heap address: 0x0000000744800000, size: 3000 MB, Compressed Oops mode: Zero based, Oop shift amount: 3

CDS archive(s) mapped at: [0x0000000000000000-0x0000000000000000-0x0000000000000000), size 0, SharedBaseAddress: 0x0000000800000000, ArchiveRelocationMode: 1.
Narrow klass base: 0x0000000000000000, Narrow klass shift: 0, Narrow klass range: 0x0

GC Precious Log:
 CardTable entry size: 512
 Card Set container configuration: InlinePtr #cards 4 size 8 Array Of Cards #cards 16 size 48 Howl #buckets 8 coarsen threshold 3686 Howl Bitmap #cards 512 size 80 coarsen threshold 460 Card regions per heap region 1 cards per card region 4096

Heap:
 garbage-first heap   total 0K, used 0K [0x0000000744800000, 0x0000000800000000)
  region size 2048K, 0 young (0K), 0 survivors (0K)

[error occurred during error reporting (printing heap information), id 0xc0000005, EXCEPTION_ACCESS_VIOLATION (0xc0000005) at pc=0x00007ffb871abba9]
GC Heap History (0 events):
No events

Dll operation events (1 events):
Event: 0.011 Loaded shared library C:\Users\fafirru\.gradle\jdks\eclipse_adoptium-21-amd64-windows\jdk-21.0.8+9\bin\java.dll

Deoptimization events (0 events):
No events

Classes loaded (0 events):
No events

Classes unloaded (0 events):
No events

Classes redefined (0 events):
No events

Internal exceptions (0 events):
No events

ZGC Phase Switch (0 events):
No events

VM Operations (0 events):
No events

Memory protections (0 events):
No events

Nmethod flushes (0 events):
No events

Events (0 events):
No events


Dynamic libraries:
0x00007ff75a090000 - 0x00007ff75a09e000 	C:\Users\fafirru\.gradle\jdks\eclipse_adoptium-21-amd64-windows\jdk-21.0.8+9\bin\java.exe
0x00007ffc32c00000 - 0x00007ffc32e63000 	C:\Windows\SYSTEM32\ntdll.dll
0x00007ffc31850000 - 0x00007ffc31918000 	C:\Windows\System32\KERNEL32.DLL
0x00007ffc306a0000 - 0x00007ffc30a52000 	C:\Windows\System32\KERNELBASE.dll
0x00007ffc30350000 - 0x00007ffc3049b000 	C:\Windows\System32\ucrtbase.dll
0x00007ffc16020000 - 0x00007ffc16038000 	C:\Users\fafirru\.gradle\jdks\eclipse_adoptium-21-amd64-windows\jdk-21.0.8+9\bin\jli.dll
0x00007ffc0d300000 - 0x00007ffc0d31e000 	C:\Users\fafirru\.gradle\jdks\eclipse_adoptium-21-amd64-windows\jdk-21.0.8+9\bin\VCRUNTIME140.dll
0x00007ffc32040000 - 0x00007ffc32208000 	C:\Windows\System32\USER32.dll
0x00007ffc2ffd0000 - 0x00007ffc2fff7000 	C:\Windows\System32\win32u.dll
0x00007ffc16860000 - 0x00007ffc16af0000 	C:\Windows\WinSxS\amd64_microsoft.windows.common-controls_6595b64144ccf1df_6.0.26100.2454_none_3e0b68a2e331ad60\COMCTL32.dll
0x00007ffc31180000 - 0x00007ffc311aa000 	C:\Windows\System32\GDI32.dll
0x00007ffc310d0000 - 0x00007ffc31179000 	C:\Windows\System32\msvcrt.dll
0x00007ffc30000000 - 0x00007ffc3012b000 	C:\Windows\System32\gdi32full.dll
0x00007ffc305f0000 - 0x00007ffc30693000 	C:\Windows\System32\msvcp_win.dll
0x00007ffc30f00000 - 0x00007ffc30f2f000 	C:\Windows\System32\IMM32.DLL
0x00007ffb87c90000 - 0x00007ffb87d82000 	D:\Windhawk\Engine\1.6.1\64\windhawk.dll
0x00007ffc30f40000 - 0x00007ffc30ff4000 	C:\Windows\System32\ADVAPI32.dll
0x00007ffc32a60000 - 0x00007ffc32b06000 	C:\Windows\System32\sechost.dll
0x00007ffc30d50000 - 0x00007ffc30e66000 	C:\Windows\System32\RPCRT4.dll
0x00007ffbd7f30000 - 0x00007ffbd7f58000 	D:\Windhawk\AppData\Engine\Mods\64\explorer-details-better-file-sizes_1.4.11_973393.dll
0x00007ffc31650000 - 0x00007ffc317e9000 	C:\Windows\System32\ole32.dll
0x00007ffc311e0000 - 0x00007ffc3155e000 	C:\Windows\System32\combase.dll
0x00007ffc32900000 - 0x00007ffc329d6000 	C:\Windows\System32\OLEAUT32.dll
0x00007ffc31920000 - 0x00007ffc32021000 	C:\Windows\System32\SHELL32.dll
0x00007ffc26400000 - 0x00007ffc264f4000 	C:\Windows\SYSTEM32\PROPSYS.dll
0x00007ffb87ae0000 - 0x00007ffb87c89000 	D:\Windhawk\AppData\Engine\Mods\64\libc++.whl
0x00007ffbd7ef0000 - 0x00007ffbd7f2a000 	D:\Windhawk\AppData\Engine\Mods\64\libunwind.whl
0x00007ffc2dd40000 - 0x00007ffc2e571000 	C:\Windows\SYSTEM32\windows.storage.dll
0x00007ffc15f30000 - 0x00007ffc15f3c000 	C:\Users\fafirru\.gradle\jdks\eclipse_adoptium-21-amd64-windows\jdk-21.0.8+9\bin\vcruntime140_1.dll
0x00007ffc01b80000 - 0x00007ffc01c0d000 	C:\Users\fafirru\.gradle\jdks\eclipse_adoptium-21-amd64-windows\jdk-21.0.8+9\bin\msvcp140.dll
0x00007ffb86a80000 - 0x00007ffb87817000 	C:\Users\fafirru\.gradle\jdks\eclipse_adoptium-21-amd64-windows\jdk-21.0.8+9\bin\server\jvm.dll
0x00007ffc329e0000 - 0x00007ffc32a54000 	C:\Windows\System32\WS2_32.dll
0x00007ffc2eca0000 - 0x00007ffc2ecee000 	C:\Windows\SYSTEM32\POWRPROF.dll
0x00007ffc289c0000 - 0x00007ffc289f6000 	C:\Windows\SYSTEM32\WINMM.dll
0x00007ffc28980000 - 0x00007ffc2898b000 	C:\Windows\SYSTEM32\VERSION.dll
0x00007ffc2ec80000 - 0x00007ffc2ec94000 	C:\Windows\SYSTEM32\UMPDC.dll
0x00007ffc2eec0000 - 0x00007ffc2eeda000 	C:\Windows\SYSTEM32\kernel.appcore.dll
0x00007ffc0e5e0000 - 0x00007ffc0e5ea000 	C:\Users\fafirru\.gradle\jdks\eclipse_adoptium-21-amd64-windows\jdk-21.0.8+9\bin\jimage.dll
0x00007ffc2da20000 - 0x00007ffc2dc61000 	C:\Windows\SYSTEM32\DBGHELP.DLL
0x00007ffc1a610000 - 0x00007ffc1a649000 	C:\Windows\SYSTEM32\dbgcore.DLL
0x00007ffc30130000 - 0x00007ffc301c9000 	C:\Windows\System32\bcryptPrimitives.dll
0x00007ffc0ad80000 - 0x00007ffc0adbc000 	C:\Users\fafirru\.gradle\jdks\eclipse_adoptium-21-amd64-windows\jdk-21.0.8+9\bin\jdwp.dll
0x00007ffc0ad60000 - 0x00007ffc0ad7f000 	C:\Users\fafirru\.gradle\jdks\eclipse_adoptium-21-amd64-windows\jdk-21.0.8+9\bin\java.dll

JVMTI agents:
jdwp path:none, loaded, not initialized, options:transport=dt_socket,server=n,suspend=y,address=localhost:51451

dbghelp: loaded successfully - version: 4.0.5 - missing functions: none
symbol engine: initialized successfully - sym options: 0x614 - pdb path: .;C:\Users\fafirru\.gradle\jdks\eclipse_adoptium-21-amd64-windows\jdk-21.0.8+9\bin;C:\Windows\SYSTEM32;C:\Windows\WinSxS\amd64_microsoft.windows.common-controls_6595b64144ccf1df_6.0.26100.2454_none_3e0b68a2e331ad60;D:\Windhawk\Engine\1.6.1\64;D:\Windhawk\AppData\Engine\Mods\64;C:\Users\fafirru\.gradle\jdks\eclipse_adoptium-21-amd64-windows\jdk-21.0.8+9\bin\server

VM Arguments:
jvm_args: -agentlib:jdwp=transport=dt_socket,server=n,suspend=y,address=localhost:51451 -XX:+ShowCodeDetailsInExceptionMessages 
java_command: ifCetakKRSNoPresensi
java_class_path (initial): C:\Users\fafirru\AppData\Roaming\Code\User\workspaceStorage\9fd6f807923466ce925655b0505966b2\redhat.java\jdt_ws\PrakDaspro2025_1E_05_cda677c\bin
Launcher Type: SUN_STANDARD

[Global flags]
     intx CICompilerCount                          = 4                                         {product} {ergonomic}
     uint ConcGCThreads                            = 3                                         {product} {ergonomic}
     uint G1ConcRefinementThreads                  = 10                                        {product} {ergonomic}
   size_t G1HeapRegionSize                         = 2097152                                   {product} {ergonomic}
    uintx GCDrainStackTargetSize                   = 64                                        {product} {ergonomic}
   size_t InitialHeapSize                          = 197132288                                 {product} {ergonomic}
   size_t MarkStackSize                            = 4194304                                   {product} {ergonomic}
   size_t MaxHeapSize                              = 3145728000                                {product} {ergonomic}
   size_t MinHeapDeltaBytes                        = 2097152                                   {product} {ergonomic}
   size_t MinHeapSize                              = 8388608                                   {product} {ergonomic}
    uintx NonNMethodCodeHeapSize                   = 5839372                                {pd product} {ergonomic}
    uintx NonProfiledCodeHeapSize                  = 122909434                              {pd product} {ergonomic}
    uintx ProfiledCodeHeapSize                     = 122909434                              {pd product} {ergonomic}
    uintx ReservedCodeCacheSize                    = 251658240                              {pd product} {ergonomic}
     bool SegmentedCodeCache                       = true                                      {product} {ergonomic}
     bool ShowCodeDetailsInExceptionMessages       = true                                   {manageable} {command line}
   size_t SoftMaxHeapSize                          = 3145728000                             {manageable} {ergonomic}
     bool UseCompressedOops                        = true                           {product lp64_product} {ergonomic}
     bool UseG1GC                                  = true                                      {product} {ergonomic}
     bool UseLargePagesIndividualAllocation        = false                                  {pd product} {ergonomic}

Logging:
Log output configuration:
 #0: stdout all=warning uptime,level,tags foldmultilines=false
 #1: stderr all=off uptime,level,tags foldmultilines=false

Environment Variables:
PATH=C:\Program Files\Common Files\Oracle\Java\javapath;C:\Program Files (x86)\Common Files\Intel\Shared Libraries\redist\intel64\compiler;C:\Windows\system32;C:\Windows;C:\Windows\System32\Wbem;C:\Windows\System32\WindowsPowerShell\v1.0\;C:\Windows\System32\OpenSSH\;C:\Program Files (x86)\NVIDIA Corporation\PhysX\Common;C:\ProgramData\chocolatey\bin;C:\Program Files\NVIDIA Corporation\NVIDIA App\NvDLISR;D:\Git\cmd;C:\Users\fafirru\AppData\Local\Microsoft\WindowsApps;C:\Users\fafirru\AppData\Local\spicetify;C:\Users\fafirru\AppData\Local\Programs\Microsoft VS Code\bin
USERNAME=fafirru
LANG=en_US.UTF-8
OS=Windows_NT
PROCESSOR_IDENTIFIER=Intel64 Family 6 Model 151 Stepping 2, GenuineIntel
TMP=C:\Users\fafirru\AppData\Local\Temp
TEMP=C:\Users\fafirru\AppData\Local\Temp




Periodic native trim disabled

---------------  S Y S T E M  ---------------

OS:
 Windows 11 , 64 bit Build 26100 (10.0.26100.2454)
OS uptime: 0 days 6:20 hours

CPU: total 12 (initial active 12) (6 cores per cpu, 2 threads per core) family 6 model 151 stepping 2 microcode 0x3a, cx8, cmov, fxsr, ht, mmx, 3dnowpref, sse, sse2, sse3, ssse3, sse4.1, sse4.2, popcnt, lzcnt, tsc, tscinvbit, avx, avx2, aes, erms, clmul, bmi1, bmi2, adx, sha, fma, vzeroupper, clflush, clflushopt, clwb, serialize, rdtscp, rdpid, fsrm, f16c, pku, cet_ibt, cet_ss
Processor Information for processor 0
  Max Mhz: 2400, Current Mhz: 2400, Mhz Limit: 2400
Processor Information for processor 1
  Max Mhz: 2400, Current Mhz: 2400, Mhz Limit: 2400
Processor Information for processor 2
  Max Mhz: 2400, Current Mhz: 1520, Mhz Limit: 2400
Processor Information for processor 3
  Max Mhz: 2400, Current Mhz: 2400, Mhz Limit: 2400
Processor Information for processor 4
  Max Mhz: 2400, Current Mhz: 1520, Mhz Limit: 2400
Processor Information for processor 5
  Max Mhz: 2400, Current Mhz: 2400, Mhz Limit: 2400
Processor Information for processor 6
  Max Mhz: 2400, Current Mhz: 2400, Mhz Limit: 2400
Processor Information for processor 7
  Max Mhz: 2400, Current Mhz: 2400, Mhz Limit: 2400
Processor Information for processor 8
  Max Mhz: 2400, Current Mhz: 2400, Mhz Limit: 2400
Processor Information for processor 9
  Max Mhz: 2400, Current Mhz: 2400, Mhz Limit: 2400
Processor Information for processor 10
  Max Mhz: 2400, Current Mhz: 2400, Mhz Limit: 2400
Processor Information for processor 11
  Max Mhz: 2400, Current Mhz: 2400, Mhz Limit: 2400

Memory: 4k page, system-wide physical 11995M (3001M free)
TotalPageFile size 11995M (AvailPageFile size 4M)
current process WorkingSet (physical memory assigned to process): 15M, peak: 15M
current process commit charge ("private bytes"): 58M, peak: 58M

vm_info: OpenJDK 64-Bit Server VM (21.0.8+9-LTS) for windows-amd64 JRE (21.0.8+9-LTS), built on 2025-07-15T00:00:00Z by "admin" with MS VC++ 17.7 (VS2022)

END.
