#
# There is insufficient memory for the Java Runtime Environment to continue.
# Native memory allocation (malloc) failed to allocate 1674736 bytes. Error detail: Chunk::new
# Possible reasons:
#   The system is out of physical RAM or swap space
#   This process is running with CompressedOops enabled, and the Java Heap may be blocking the growth of the native heap
# Possible solutions:
#   Reduce memory load on the system
#   Increase physical memory or swap space
#   Check if swap backing store is full
#   Decrease Java heap size (-Xmx/-Xms)
#   Decrease number of Java threads
#   Decrease Java thread stack sizes (-Xss)
#   Set larger code cache with -XX:ReservedCodeCacheSize=
#   JVM is running with Unscaled Compressed Oops mode in which the Java heap is
#     placed in the first 4GB address space. The Java Heap base address is the
#     maximum limit for the native heap growth. Please use -XX:HeapBaseMinAddress
#     to set the Java Heap base and to place the Java Heap above 4GB virtual address.
# This output file may be truncated or incomplete.
#
#  Out of Memory Error (arena.cpp:168), pid=12516, tid=13512
#
# JRE version: OpenJDK Runtime Environment Temurin-21.0.8+9 (21.0.8+9) (build 21.0.8+9-LTS)
# Java VM: OpenJDK 64-Bit Server VM Temurin-21.0.8+9 (21.0.8+9-LTS, mixed mode, sharing, tiered, compressed oops, compressed class ptrs, parallel gc, windows-amd64)
# No core dump will be written. Minidumps are not enabled by default on client versions of Windows
#

---------------  S U M M A R Y ------------

Command Line: --add-modules=ALL-SYSTEM --add-opens=java.base/java.util=ALL-UNNAMED --add-opens=java.base/java.lang=ALL-UNNAMED --add-opens=java.base/sun.nio.fs=ALL-UNNAMED -Declipse.application=org.eclipse.jdt.ls.core.id1 -Dosgi.bundles.defaultStartLevel=4 -Declipse.product=org.eclipse.jdt.ls.core.product -Djava.import.generatesMetadataFilesAtProjectRoot=false -DDetectVMInstallationsJob.disabled=true -Dfile.encoding=utf8 -XX:+UseParallelGC -XX:GCTimeRatio=4 -XX:AdaptiveSizePolicyWeight=90 -Dsun.zip.disableMemoryMapping=true -Xmx2G -Xms100m -Xlog:disable -javaagent:c:\Users\fafirru\.vscode\extensions\redhat.java-1.46.0-win32-x64\lombok\lombok-1.18.39-4050.jar -XX:+HeapDumpOnOutOfMemoryError -XX:HeapDumpPath=c:\Users\fafirru\AppData\Roaming\Code\User\workspaceStorage\9fd6f807923466ce925655b0505966b2\redhat.java -Daether.dependencyCollector.impl=bf c:\Users\fafirru\.vscode\extensions\redhat.java-1.46.0-win32-x64\server\plugins\org.eclipse.equinox.launcher_1.7.0.v20250519-0528.jar -configuration c:\Users\fafirru\AppData\Roaming\Code\User\globalStorage\redhat.java\1.46.0\config_win -data c:\Users\fafirru\AppData\Roaming\Code\User\workspaceStorage\9fd6f807923466ce925655b0505966b2\redhat.java\jdt_ws --pipe=\\.\pipe\lsp-ec7f71fd675f467e86de87200251bfbb-sock

Host: 12th Gen Intel(R) Core(TM) i5-12450HX, 12 cores, 11G,  Windows 11 , 64 bit Build 26100 (10.0.26100.2454)
Time: Wed Oct  8 11:21:24 2025 SE Asia Standard Time elapsed time: 1059.103325 seconds (0d 0h 17m 39s)

---------------  T H R E A D  ---------------

Current thread (0x0000017df19b95d0):  JavaThread "C2 CompilerThread0" daemon [_thread_in_native, id=13512, stack(0x0000002347e00000,0x0000002347f00000) (1024K)]


Current CompileTask:
C2:1059103 20173       4       org.eclipse.jdt.internal.compiler.parser.Parser::consumeRule (7748 bytes)

Stack: [0x0000002347e00000,0x0000002347f00000]
Native frames: (J=compiled Java code, j=interpreted, Vv=VM code, C=native code)
V  [jvm.dll+0x6d2449]
V  [jvm.dll+0x8ae341]
V  [jvm.dll+0x8b08be]
V  [jvm.dll+0x8b0fa3]
V  [jvm.dll+0x280c96]
V  [jvm.dll+0xc581d]
V  [jvm.dll+0xc5d53]
V  [jvm.dll+0x3b9162]
V  [jvm.dll+0x385315]
V  [jvm.dll+0x38477a]
V  [jvm.dll+0x248ed0]
V  [jvm.dll+0x2484af]
V  [jvm.dll+0x1c89ee]
V  [jvm.dll+0x257d4d]
V  [jvm.dll+0x2562ea]
V  [jvm.dll+0x3f2d16]
V  [jvm.dll+0x857e6b]
V  [jvm.dll+0x6d0b0d]
C  [ucrtbase.dll+0x14ea0]
C  [KERNEL32.DLL+0x2e8d7]
C  [ntdll.dll+0xdfbcc]


---------------  P R O C E S S  ---------------

Threads class SMR info:
_java_thread_list=0x0000017dfb5e8590, length=55, elements={
0x0000017dd9ed6330, 0x0000017dd9e43fe0, 0x0000017dd9e44ef0, 0x0000017dd9e49240,
0x0000017dd9e49e90, 0x0000017dd9e4ac10, 0x0000017dd9e4d9a0, 0x0000017df19b95d0,
0x0000017df19ddcc0, 0x0000017df1ada920, 0x0000017df1cff390, 0x0000017df7680ba0,
0x0000017df777cab0, 0x0000017df78d3e00, 0x0000017df78d4460, 0x0000017df7cad7e0,
0x0000017df7cad150, 0x0000017df7cabda0, 0x0000017df7cae500, 0x0000017df7cab080,
0x0000017df7cacac0, 0x0000017df82fe630, 0x0000017df82fcbf0, 0x0000017df82fb1b0,
0x0000017df82fd280, 0x0000017df82fd910, 0x0000017df82fc560, 0x0000017df82fdfa0,
0x0000017df82fecc0, 0x0000017df82fb840, 0x0000017df82ff350, 0x0000017df82fbed0,
0x0000017df8300070, 0x0000017df8300700, 0x0000017df8300d90, 0x0000017df8301420,
0x0000017df8302140, 0x0000017df82ff9e0, 0x0000017df93b3e60, 0x0000017df93b5210,
0x0000017dfbaedda0, 0x0000017dfbaeb640, 0x0000017dfbaed710, 0x0000017dfbaebcd0,
0x0000017dfbaee430, 0x0000017dfbaf1f40, 0x0000017df83027d0, 0x0000017df89a2180,
0x0000017df74117c0, 0x0000017df740f060, 0x0000017df7413890, 0x0000017df7410aa0,
0x0000017df7411130, 0x0000017df740fd80, 0x0000017df74124e0
}

Java Threads: ( => current thread )
  0x0000017dd9ed6330 JavaThread "main"                              [_thread_blocked, id=5960, stack(0x0000002347400000,0x0000002347500000) (1024K)]
  0x0000017dd9e43fe0 JavaThread "Reference Handler"          daemon [_thread_blocked, id=18984, stack(0x0000002347800000,0x0000002347900000) (1024K)]
  0x0000017dd9e44ef0 JavaThread "Finalizer"                  daemon [_thread_blocked, id=6952, stack(0x0000002347900000,0x0000002347a00000) (1024K)]
  0x0000017dd9e49240 JavaThread "Signal Dispatcher"          daemon [_thread_blocked, id=7280, stack(0x0000002347a00000,0x0000002347b00000) (1024K)]
  0x0000017dd9e49e90 JavaThread "Attach Listener"            daemon [_thread_blocked, id=11828, stack(0x0000002347b00000,0x0000002347c00000) (1024K)]
  0x0000017dd9e4ac10 JavaThread "Service Thread"             daemon [_thread_blocked, id=21108, stack(0x0000002347c00000,0x0000002347d00000) (1024K)]
  0x0000017dd9e4d9a0 JavaThread "Monitor Deflation Thread"   daemon [_thread_blocked, id=3772, stack(0x0000002347d00000,0x0000002347e00000) (1024K)]
=>0x0000017df19b95d0 JavaThread "C2 CompilerThread0"         daemon [_thread_in_native, id=13512, stack(0x0000002347e00000,0x0000002347f00000) (1024K)]
  0x0000017df19ddcc0 JavaThread "C1 CompilerThread0"         daemon [_thread_blocked, id=16392, stack(0x0000002347f00000,0x0000002348000000) (1024K)]
  0x0000017df1ada920 JavaThread "Common-Cleaner"             daemon [_thread_blocked, id=16884, stack(0x0000002348000000,0x0000002348100000) (1024K)]
  0x0000017df1cff390 JavaThread "Notification Thread"        daemon [_thread_blocked, id=11460, stack(0x0000002348200000,0x0000002348300000) (1024K)]
  0x0000017df7680ba0 JavaThread "Active Thread: Equinox Container: 971cea89-eee2-4277-9437-1410a627eb1b"        [_thread_blocked, id=21080, stack(0x0000002348a00000,0x0000002348b00000) (1024K)]
  0x0000017df777cab0 JavaThread "Refresh Thread: Equinox Container: 971cea89-eee2-4277-9437-1410a627eb1b" daemon [_thread_blocked, id=22012, stack(0x0000002348b00000,0x0000002348c00000) (1024K)]
  0x0000017df78d3e00 JavaThread "Framework Event Dispatcher: Equinox Container: 971cea89-eee2-4277-9437-1410a627eb1b" daemon [_thread_blocked, id=16888, stack(0x0000002348d00000,0x0000002348e00000) (1024K)]
  0x0000017df78d4460 JavaThread "Start Level: Equinox Container: 971cea89-eee2-4277-9437-1410a627eb1b" daemon [_thread_blocked, id=17544, stack(0x0000002348e00000,0x0000002348f00000) (1024K)]
  0x0000017df7cad7e0 JavaThread "Bundle File Closer"         daemon [_thread_blocked, id=8364, stack(0x0000002349100000,0x0000002349200000) (1024K)]
  0x0000017df7cad150 JavaThread "SCR Component Actor"        daemon [_thread_blocked, id=11260, stack(0x0000002349200000,0x0000002349300000) (1024K)]
  0x0000017df7cabda0 JavaThread "Worker-JM"                         [_thread_blocked, id=4704, stack(0x0000002349300000,0x0000002349400000) (1024K)]
  0x0000017df7cae500 JavaThread "JNA Cleaner"                daemon [_thread_blocked, id=22460, stack(0x0000002348300000,0x0000002348400000) (1024K)]
  0x0000017df7cab080 JavaThread "Worker-0"                          [_thread_blocked, id=19208, stack(0x0000002349400000,0x0000002349500000) (1024K)]
  0x0000017df7cacac0 JavaThread "Java indexing"              daemon [_thread_blocked, id=18272, stack(0x0000002349800000,0x0000002349900000) (1024K)]
  0x0000017df82fe630 JavaThread "Thread-1"                   daemon [_thread_in_native, id=12776, stack(0x0000002349b00000,0x0000002349c00000) (1024K)]
  0x0000017df82fcbf0 JavaThread "Thread-2"                   daemon [_thread_in_native, id=12404, stack(0x0000002349c00000,0x0000002349d00000) (1024K)]
  0x0000017df82fb1b0 JavaThread "Thread-3"                   daemon [_thread_in_native, id=12496, stack(0x0000002349d00000,0x0000002349e00000) (1024K)]
  0x0000017df82fd280 JavaThread "Thread-4"                   daemon [_thread_in_native, id=14460, stack(0x0000002349e00000,0x0000002349f00000) (1024K)]
  0x0000017df82fd910 JavaThread "Thread-5"                   daemon [_thread_in_native, id=16504, stack(0x0000002349f00000,0x000000234a000000) (1024K)]
  0x0000017df82fc560 JavaThread "Thread-6"                   daemon [_thread_in_native, id=5932, stack(0x000000234a000000,0x000000234a100000) (1024K)]
  0x0000017df82fdfa0 JavaThread "Thread-7"                   daemon [_thread_in_native, id=19304, stack(0x000000234a100000,0x000000234a200000) (1024K)]
  0x0000017df82fecc0 JavaThread "Thread-8"                   daemon [_thread_in_native, id=22472, stack(0x000000234a200000,0x000000234a300000) (1024K)]
  0x0000017df82fb840 JavaThread "Thread-9"                   daemon [_thread_in_native, id=8416, stack(0x000000234a300000,0x000000234a400000) (1024K)]
  0x0000017df82ff350 JavaThread "Thread-10"                  daemon [_thread_blocked, id=9312, stack(0x000000234a400000,0x000000234a500000) (1024K)]
  0x0000017df82fbed0 JavaThread "Thread-11"                  daemon [_thread_in_native, id=17872, stack(0x000000234a500000,0x000000234a600000) (1024K)]
  0x0000017df8300070 JavaThread "Thread-12"                  daemon [_thread_in_native, id=20044, stack(0x000000234a600000,0x000000234a700000) (1024K)]
  0x0000017df8300700 JavaThread "Thread-13"                  daemon [_thread_in_native, id=11304, stack(0x000000234a700000,0x000000234a800000) (1024K)]
  0x0000017df8300d90 JavaThread "Worker-3: Publish Diagnostics"        [_thread_blocked, id=12244, stack(0x000000234a800000,0x000000234a900000) (1024K)]
  0x0000017df8301420 JavaThread "pool-2-thread-1"                   [_thread_blocked, id=3976, stack(0x000000234a900000,0x000000234aa00000) (1024K)]
  0x0000017df8302140 JavaThread "WorkspaceEventsHandler"            [_thread_blocked, id=9028, stack(0x000000234ab00000,0x000000234ac00000) (1024K)]
  0x0000017df82ff9e0 JavaThread "pool-1-thread-1"                   [_thread_blocked, id=18092, stack(0x000000234ac00000,0x000000234ad00000) (1024K)]
  0x0000017df93b3e60 JavaThread "ForkJoinPool.commonPool-worker-2" daemon [_thread_blocked, id=18816, stack(0x000000234b000000,0x000000234b100000) (1024K)]
  0x0000017df93b5210 JavaThread "ForkJoinPool.commonPool-worker-3" daemon [_thread_blocked, id=18820, stack(0x000000234b100000,0x000000234b200000) (1024K)]
  0x0000017dfbaedda0 JavaThread "ForkJoinPool.commonPool-worker-4" daemon [_thread_blocked, id=8020, stack(0x000000234b200000,0x000000234b300000) (1024K)]
  0x0000017dfbaeb640 JavaThread "ForkJoinPool.commonPool-worker-5" daemon [_thread_blocked, id=22320, stack(0x0000002349700000,0x0000002349800000) (1024K)]
  0x0000017dfbaed710 JavaThread "ForkJoinPool.commonPool-worker-6" daemon [_thread_blocked, id=9976, stack(0x000000234b300000,0x000000234b400000) (1024K)]
  0x0000017dfbaebcd0 JavaThread "Cleaner-0"                  daemon [_thread_blocked, id=18288, stack(0x000000234b500000,0x000000234b600000) (1024K)]
  0x0000017dfbaee430 JavaThread "ForkJoinPool.commonPool-worker-7" daemon [_thread_blocked, id=16776, stack(0x0000002347200000,0x0000002347300000) (1024K)]
  0x0000017dfbaf1f40 JavaThread "ForkJoinPool.commonPool-worker-8" daemon [_thread_blocked, id=21992, stack(0x0000002348100000,0x0000002348200000) (1024K)]
  0x0000017df83027d0 JavaThread "Java Debug Server"          daemon [_thread_in_native, id=20656, stack(0x000000234ad00000,0x000000234ae00000) (1024K)]
  0x0000017df89a2180 JavaThread "RxSchedulerPurge-1"         daemon [_thread_blocked, id=19476, stack(0x000000234b400000,0x000000234b500000) (1024K)]
  0x0000017df74117c0 JavaThread "RxCachedWorkerPoolEvictor-1" daemon [_thread_blocked, id=11248, stack(0x000000234b600000,0x000000234b700000) (1024K)]
  0x0000017df740f060 JavaThread "pool-1-thread-5"                   [_thread_blocked, id=19932, stack(0x0000002347100000,0x0000002347200000) (1024K)]
  0x0000017df7413890 JavaThread "Worker-6"                          [_thread_blocked, id=12868, stack(0x0000002349500000,0x0000002349600000) (1024K)]
  0x0000017df7410aa0 JavaThread "ForkJoinPool.commonPool-worker-9" daemon [_thread_blocked, id=1976, stack(0x0000002347000000,0x0000002347100000) (1024K)]
  0x0000017df7411130 JavaThread "ForkJoinPool.commonPool-worker-10" daemon [_thread_blocked, id=18068, stack(0x0000002349600000,0x0000002349700000) (1024K)]
  0x0000017df740fd80 JavaThread "ForkJoinPool.commonPool-worker-11" daemon [_thread_blocked, id=8212, stack(0x0000002349900000,0x0000002349a00000) (1024K)]
  0x0000017df74124e0 JavaThread "ForkJoinPool.commonPool-worker-12" daemon [_thread_blocked, id=19400, stack(0x0000002349a00000,0x0000002349b00000) (1024K)]
Total: 55

Other Threads:
  0x0000017dd9e34260 VMThread "VM Thread"                           [id=1868, stack(0x0000002347700000,0x0000002347800000) (1024K)]
  0x0000017dd9d2cb20 WatcherThread "VM Periodic Task Thread"        [id=14080, stack(0x0000002347600000,0x0000002347700000) (1024K)]
  0x0000017dd9ef5f70 WorkerThread "GC Thread#0"                     [id=11712, stack(0x0000002347500000,0x0000002347600000) (1024K)]
  0x0000017df700bb40 WorkerThread "GC Thread#1"                     [id=18896, stack(0x0000002348400000,0x0000002348500000) (1024K)]
  0x0000017df71ff270 WorkerThread "GC Thread#2"                     [id=12584, stack(0x0000002348500000,0x0000002348600000) (1024K)]
  0x0000017df74576a0 WorkerThread "GC Thread#3"                     [id=7796, stack(0x0000002348600000,0x0000002348700000) (1024K)]
  0x0000017df7457a40 WorkerThread "GC Thread#4"                     [id=22224, stack(0x0000002348700000,0x0000002348800000) (1024K)]
  0x0000017df700a8d0 WorkerThread "GC Thread#5"                     [id=10496, stack(0x0000002348800000,0x0000002348900000) (1024K)]
  0x0000017df700ac70 WorkerThread "GC Thread#6"                     [id=19220, stack(0x0000002348900000,0x0000002348a00000) (1024K)]
  0x0000017df77b4290 WorkerThread "GC Thread#7"                     [id=21008, stack(0x0000002348c00000,0x0000002348d00000) (1024K)]
  0x0000017df7cafae0 WorkerThread "GC Thread#8"                     [id=3800, stack(0x0000002348f00000,0x0000002349000000) (1024K)]
  0x0000017df8094a10 WorkerThread "GC Thread#9"                     [id=956, stack(0x0000002349000000,0x0000002349100000) (1024K)]
Total: 12

Threads with active compile tasks:
C2 CompilerThread0  1059129 20173       4       org.eclipse.jdt.internal.compiler.parser.Parser::consumeRule (7748 bytes)
Total: 1

VM state: at safepoint (normal execution)

VM Mutex/Monitor currently owned by a thread:  ([mutex/lock_event])
[0x00007ffb8bca5458] Threads_lock - owner thread: 0x0000017dd9e34260
[0x00007ffb8bca5558] Heap_lock - owner thread: 0x0000017df7410aa0

Heap address: 0x0000000080000000, size: 2048 MB, Compressed Oops mode: 32-bit

CDS archive(s) mapped at: [0x0000017d80000000-0x0000017d80ba0000-0x0000017d80ba0000), size 12189696, SharedBaseAddress: 0x0000017d80000000, ArchiveRelocationMode: 1.
Compressed class space mapped at: 0x0000017d81000000-0x0000017dc1000000, reserved size: 1073741824
Narrow klass base: 0x0000017d80000000, Narrow klass shift: 0, Narrow klass range: 0x100000000

GC Precious Log:
 CardTable entry size: 512
 CPUs: 12 total, 12 available
 Memory: 11995M
 Large Page Support: Disabled
 NUMA Support: Disabled
 Compressed Oops: Enabled (32-bit)
 Alignments: Space 512K, Generation 512K, Heap 2M
 Heap Min Capacity: 100M
 Heap Initial Capacity: 100M
 Heap Max Capacity: 2G
 Pre-touch: Disabled
 Parallel Workers: 10

Heap:
 PSYoungGen      total 4096K, used 512K [0x00000000d5580000, 0x00000000d5b00000, 0x0000000100000000)
  eden space 3584K, 0% used [0x00000000d5580000,0x00000000d5580000,0x00000000d5900000)
  from space 512K, 100% used [0x00000000d5a80000,0x00000000d5b00000,0x00000000d5b00000)
  to   space 512K, 0% used [0x00000000d5a00000,0x00000000d5a00000,0x00000000d5a80000)
 ParOldGen       total 867840K, used 215538K [0x0000000080000000, 0x00000000b4f80000, 0x00000000d5580000)
  object space 867840K, 24% used [0x0000000080000000,0x000000008d27ca00,0x00000000b4f80000)
 Metaspace       used 87847K, committed 89536K, reserved 1179648K
  class space    used 9100K, committed 9856K, reserved 1048576K

Card table byte_map: [0x0000017dd9840000,0x0000017dd9c50000] _byte_map_base: 0x0000017dd9440000

Marking Bits: (ParMarkBitMap*) 0x00007ffb8bcaa340
 Begin Bits: [0x0000017dec340000, 0x0000017dee340000)
 End Bits:   [0x0000017dee340000, 0x0000017df0340000)

Polling page: 0x0000017dd7680000

Metaspace:

Usage:
  Non-class:     76.90 MB used.
      Class:      8.89 MB used.
       Both:     85.79 MB used.

Virtual space:
  Non-class space:      128.00 MB reserved,      77.81 MB ( 61%) committed,  2 nodes.
      Class space:        1.00 GB reserved,       9.62 MB ( <1%) committed,  1 nodes.
             Both:        1.12 GB reserved,      87.44 MB (  8%) committed. 

Chunk freelists:
   Non-Class:  2.20 MB
       Class:  6.31 MB
        Both:  8.52 MB

MaxMetaspaceSize: unlimited
CompressedClassSpaceSize: 1.00 GB
Initial GC threshold: 21.00 MB
Current GC threshold: 145.75 MB
CDS: on
 - commit_granule_bytes: 65536.
 - commit_granule_words: 8192.
 - virtual_space_node_default_size: 8388608.
 - enlarge_chunks_in_place: 1.
 - use_allocation_guard: 0.


Internal statistics:

num_allocs_failed_limit: 9.
num_arena_births: 1588.
num_arena_deaths: 14.
num_vsnodes_births: 3.
num_vsnodes_deaths: 0.
num_space_committed: 1399.
num_space_uncommitted: 0.
num_chunks_returned_to_freelist: 23.
num_chunks_taken_from_freelist: 5949.
num_chunk_merges: 10.
num_chunk_splits: 3508.
num_chunks_enlarged: 1795.
num_inconsistent_stats: 0.

CodeHeap 'non-profiled nmethods': size=120000Kb used=18293Kb max_used=22232Kb free=101706Kb
 bounds [0x0000017de4b60000, 0x0000017de6120000, 0x0000017dec090000]
CodeHeap 'profiled nmethods': size=120000Kb used=39595Kb max_used=49033Kb free=80404Kb
 bounds [0x0000017ddd090000, 0x0000017de0080000, 0x0000017de45c0000]
CodeHeap 'non-nmethods': size=5760Kb used=1527Kb max_used=1590Kb free=4232Kb
 bounds [0x0000017de45c0000, 0x0000017de4830000, 0x0000017de4b60000]
CodeCache: size=245760Kb, used=59415Kb, max_used=72855Kb, free=186342Kb
 total_blobs=16575, nmethods=15722, adapters=754, full_count=0
Compilation: enabled, stopped_count=0, restarted_count=0

Compilation events (20 events):
Event: 1056.028 Thread 0x0000017df19ddcc0 nmethod 20172 0x0000017ddd5ba290 code [0x0000017ddd5ba580, 0x0000017ddd5bb388]
Event: 1056.029 Thread 0x0000017df19b95d0 20173       4       org.eclipse.jdt.internal.compiler.parser.Parser::consumeRule (7748 bytes)
Event: 1058.055 Thread 0x0000017df19ddcc0 20174       3       org.eclipse.jdt.internal.compiler.parser.Scanner$VanguardParser::<init> (10 bytes)
Event: 1058.056 Thread 0x0000017df19ddcc0 nmethod 20174 0x0000017ddd0b9110 code [0x0000017ddd0b92c0, 0x0000017ddd0b9430]
Event: 1058.063 Thread 0x0000017df19ddcc0 20176       3       org.eclipse.jdt.ls.core.internal.preferences.ClientPreferences::isCompletionListItemDefaultsSupport (34 bytes)
Event: 1058.063 Thread 0x0000017df19ddcc0 nmethod 20176 0x0000017ddd093590 code [0x0000017ddd093780, 0x0000017ddd093a40]
Event: 1058.063 Thread 0x0000017df19ddcc0 20177       3       org.eclipse.jdt.ls.core.internal.handlers.CompletionHandler$$Lambda/0x0000017d81712fa0::test (8 bytes)
Event: 1058.064 Thread 0x0000017df19ddcc0 nmethod 20177 0x0000017ddd0f9090 code [0x0000017ddd0f9240, 0x0000017ddd0f9530]
Event: 1058.064 Thread 0x0000017df19ddcc0 20178       3       org.eclipse.jdt.ls.core.internal.handlers.CompletionHandler::lambda$1 (16 bytes)
Event: 1058.064 Thread 0x0000017df19ddcc0 nmethod 20178 0x0000017ddd10a890 code [0x0000017ddd10aa40, 0x0000017ddd10abb8]
Event: 1058.070 Thread 0x0000017df19ddcc0 20179       3       org.eclipse.jdt.internal.compiler.util.Util::getLineNumber (89 bytes)
Event: 1058.071 Thread 0x0000017df19ddcc0 nmethod 20179 0x0000017ddd1f3a90 code [0x0000017ddd1f3c80, 0x0000017ddd1f4080]
Event: 1058.071 Thread 0x0000017df19ddcc0 20180       3       org.eclipse.jdt.internal.compiler.parser.Parser::nasi (9 bytes)
Event: 1058.071 Thread 0x0000017df19ddcc0 nmethod 20180 0x0000017ddd0c6110 code [0x0000017ddd0c62c0, 0x0000017ddd0c64d8]
Event: 1058.075 Thread 0x0000017df19ddcc0 20181       3       com.google.gson.internal.LazilyParsedNumber::<init> (10 bytes)
Event: 1058.075 Thread 0x0000017df19ddcc0 nmethod 20181 0x0000017ddd09b310 code [0x0000017ddd09b4c0, 0x0000017ddd09b6a8]
Event: 1058.088 Thread 0x0000017df19ddcc0 20183       3       org.eclipse.jdt.internal.compiler.parser.diagnose.DiagnoseParser::secondaryRecovery (418 bytes)
Event: 1058.090 Thread 0x0000017df19ddcc0 nmethod 20183 0x0000017ddd281910 code [0x0000017ddd281b80, 0x0000017ddd282820]
Event: 1058.105 Thread 0x0000017df19ddcc0 20184       3       com.google.gson.internal.bind.JsonTreeReader::promoteNameToValue (56 bytes)
Event: 1058.106 Thread 0x0000017df19ddcc0 nmethod 20184 0x0000017ddd1ab790 code [0x0000017ddd1aba00, 0x0000017ddd1ac4d0]

GC Heap History (20 events):
Event: 1045.505 GC heap before
{Heap before GC invocations=2456 (full 5):
 PSYoungGen      total 4608K, used 4415K [0x00000000d5580000, 0x00000000d5c00000, 0x0000000100000000)
  eden space 4096K, 99% used [0x00000000d5580000,0x00000000d597ff30,0x00000000d5980000)
  from space 512K, 62% used [0x00000000d5b80000,0x00000000d5bd0000,0x00000000d5c00000)
  to   space 512K, 0% used [0x00000000d5b00000,0x00000000d5b00000,0x00000000d5b80000)
 ParOldGen       total 867840K, used 208828K [0x0000000080000000, 0x00000000b4f80000, 0x00000000d5580000)
  object space 867840K, 24% used [0x0000000080000000,0x000000008cbef3f0,0x00000000b4f80000)
 Metaspace       used 87831K, committed 89536K, reserved 1179648K
  class space    used 9100K, committed 9856K, reserved 1048576K
}
Event: 1045.506 GC heap after
{Heap after GC invocations=2456 (full 5):
 PSYoungGen      total 4608K, used 512K [0x00000000d5580000, 0x00000000d5c00000, 0x0000000100000000)
  eden space 4096K, 0% used [0x00000000d5580000,0x00000000d5580000,0x00000000d5980000)
  from space 512K, 100% used [0x00000000d5b00000,0x00000000d5b80000,0x00000000d5b80000)
  to   space 512K, 0% used [0x00000000d5b80000,0x00000000d5b80000,0x00000000d5c00000)
 ParOldGen       total 867840K, used 208852K [0x0000000080000000, 0x00000000b4f80000, 0x00000000d5580000)
  object space 867840K, 24% used [0x0000000080000000,0x000000008cbf53f0,0x00000000b4f80000)
 Metaspace       used 87831K, committed 89536K, reserved 1179648K
  class space    used 9100K, committed 9856K, reserved 1048576K
}
Event: 1045.609 GC heap before
{Heap before GC invocations=2457 (full 5):
 PSYoungGen      total 4608K, used 4607K [0x00000000d5580000, 0x00000000d5c00000, 0x0000000100000000)
  eden space 4096K, 99% used [0x00000000d5580000,0x00000000d597ffe0,0x00000000d5980000)
  from space 512K, 100% used [0x00000000d5b00000,0x00000000d5b80000,0x00000000d5b80000)
  to   space 512K, 0% used [0x00000000d5b80000,0x00000000d5b80000,0x00000000d5c00000)
 ParOldGen       total 867840K, used 208852K [0x0000000080000000, 0x00000000b4f80000, 0x00000000d5580000)
  object space 867840K, 24% used [0x0000000080000000,0x000000008cbf53f0,0x00000000b4f80000)
 Metaspace       used 87831K, committed 89536K, reserved 1179648K
  class space    used 9100K, committed 9856K, reserved 1048576K
}
Event: 1045.609 GC heap after
{Heap after GC invocations=2457 (full 5):
 PSYoungGen      total 4608K, used 352K [0x00000000d5580000, 0x00000000d5c00000, 0x0000000100000000)
  eden space 4096K, 0% used [0x00000000d5580000,0x00000000d5580000,0x00000000d5980000)
  from space 512K, 68% used [0x00000000d5b80000,0x00000000d5bd8000,0x00000000d5c00000)
  to   space 512K, 0% used [0x00000000d5b00000,0x00000000d5b00000,0x00000000d5b80000)
 ParOldGen       total 867840K, used 209258K [0x0000000080000000, 0x00000000b4f80000, 0x00000000d5580000)
  object space 867840K, 24% used [0x0000000080000000,0x000000008cc5a880,0x00000000b4f80000)
 Metaspace       used 87831K, committed 89536K, reserved 1179648K
  class space    used 9100K, committed 9856K, reserved 1048576K
}
Event: 1052.007 GC heap before
{Heap before GC invocations=2458 (full 5):
 PSYoungGen      total 4608K, used 4448K [0x00000000d5580000, 0x00000000d5c00000, 0x0000000100000000)
  eden space 4096K, 100% used [0x00000000d5580000,0x00000000d5980000,0x00000000d5980000)
  from space 512K, 68% used [0x00000000d5b80000,0x00000000d5bd8000,0x00000000d5c00000)
  to   space 512K, 0% used [0x00000000d5b00000,0x00000000d5b00000,0x00000000d5b80000)
 ParOldGen       total 867840K, used 209258K [0x0000000080000000, 0x00000000b4f80000, 0x00000000d5580000)
  object space 867840K, 24% used [0x0000000080000000,0x000000008cc5a880,0x00000000b4f80000)
 Metaspace       used 87832K, committed 89536K, reserved 1179648K
  class space    used 9100K, committed 9856K, reserved 1048576K
}
Event: 1052.008 GC heap after
{Heap after GC invocations=2458 (full 5):
 PSYoungGen      total 4608K, used 288K [0x00000000d5580000, 0x00000000d5c00000, 0x0000000100000000)
  eden space 4096K, 0% used [0x00000000d5580000,0x00000000d5580000,0x00000000d5980000)
  from space 512K, 56% used [0x00000000d5b00000,0x00000000d5b48000,0x00000000d5b80000)
  to   space 512K, 0% used [0x00000000d5b80000,0x00000000d5b80000,0x00000000d5c00000)
 ParOldGen       total 867840K, used 209298K [0x0000000080000000, 0x00000000b4f80000, 0x00000000d5580000)
  object space 867840K, 24% used [0x0000000080000000,0x000000008cc64880,0x00000000b4f80000)
 Metaspace       used 87832K, committed 89536K, reserved 1179648K
  class space    used 9100K, committed 9856K, reserved 1048576K
}
Event: 1056.028 GC heap before
{Heap before GC invocations=2459 (full 5):
 PSYoungGen      total 4608K, used 4384K [0x00000000d5580000, 0x00000000d5c00000, 0x0000000100000000)
  eden space 4096K, 100% used [0x00000000d5580000,0x00000000d5980000,0x00000000d5980000)
  from space 512K, 56% used [0x00000000d5b00000,0x00000000d5b48000,0x00000000d5b80000)
  to   space 512K, 0% used [0x00000000d5b80000,0x00000000d5b80000,0x00000000d5c00000)
 ParOldGen       total 867840K, used 209298K [0x0000000080000000, 0x00000000b4f80000, 0x00000000d5580000)
  object space 867840K, 24% used [0x0000000080000000,0x000000008cc64880,0x00000000b4f80000)
 Metaspace       used 87845K, committed 89536K, reserved 1179648K
  class space    used 9100K, committed 9856K, reserved 1048576K
}
Event: 1056.028 GC heap after
{Heap after GC invocations=2459 (full 5):
 PSYoungGen      total 4608K, used 384K [0x00000000d5580000, 0x00000000d5c00000, 0x0000000100000000)
  eden space 4096K, 0% used [0x00000000d5580000,0x00000000d5580000,0x00000000d5980000)
  from space 512K, 75% used [0x00000000d5b80000,0x00000000d5be0000,0x00000000d5c00000)
  to   space 512K, 0% used [0x00000000d5b00000,0x00000000d5b00000,0x00000000d5b80000)
 ParOldGen       total 867840K, used 209346K [0x0000000080000000, 0x00000000b4f80000, 0x00000000d5580000)
  object space 867840K, 24% used [0x0000000080000000,0x000000008cc70880,0x00000000b4f80000)
 Metaspace       used 87845K, committed 89536K, reserved 1179648K
  class space    used 9100K, committed 9856K, reserved 1048576K
}
Event: 1056.036 GC heap before
{Heap before GC invocations=2460 (full 5):
 PSYoungGen      total 4608K, used 4480K [0x00000000d5580000, 0x00000000d5c00000, 0x0000000100000000)
  eden space 4096K, 100% used [0x00000000d5580000,0x00000000d5980000,0x00000000d5980000)
  from space 512K, 75% used [0x00000000d5b80000,0x00000000d5be0000,0x00000000d5c00000)
  to   space 512K, 0% used [0x00000000d5b00000,0x00000000d5b00000,0x00000000d5b80000)
 ParOldGen       total 867840K, used 209346K [0x0000000080000000, 0x00000000b4f80000, 0x00000000d5580000)
  object space 867840K, 24% used [0x0000000080000000,0x000000008cc70880,0x00000000b4f80000)
 Metaspace       used 87845K, committed 89536K, reserved 1179648K
  class space    used 9100K, committed 9856K, reserved 1048576K
}
Event: 1058.053 GC heap after
{Heap after GC invocations=2460 (full 5):
 PSYoungGen      total 4608K, used 489K [0x00000000d5580000, 0x00000000d5c00000, 0x0000000100000000)
  eden space 4096K, 0% used [0x00000000d5580000,0x00000000d5580000,0x00000000d5980000)
  from space 512K, 95% used [0x00000000d5b00000,0x00000000d5b7a430,0x00000000d5b80000)
  to   space 512K, 0% used [0x00000000d5b80000,0x00000000d5b80000,0x00000000d5c00000)
 ParOldGen       total 867840K, used 212905K [0x0000000080000000, 0x00000000b4f80000, 0x00000000d5580000)
  object space 867840K, 24% used [0x0000000080000000,0x000000008cfea700,0x00000000b4f80000)
 Metaspace       used 87845K, committed 89536K, reserved 1179648K
  class space    used 9100K, committed 9856K, reserved 1048576K
}
Event: 1058.059 GC heap before
{Heap before GC invocations=2461 (full 5):
 PSYoungGen      total 4608K, used 4585K [0x00000000d5580000, 0x00000000d5c00000, 0x0000000100000000)
  eden space 4096K, 99% used [0x00000000d5580000,0x00000000d597fff8,0x00000000d5980000)
  from space 512K, 95% used [0x00000000d5b00000,0x00000000d5b7a430,0x00000000d5b80000)
  to   space 512K, 0% used [0x00000000d5b80000,0x00000000d5b80000,0x00000000d5c00000)
 ParOldGen       total 867840K, used 212905K [0x0000000080000000, 0x00000000b4f80000, 0x00000000d5580000)
  object space 867840K, 24% used [0x0000000080000000,0x000000008cfea700,0x00000000b4f80000)
 Metaspace       used 87845K, committed 89536K, reserved 1179648K
  class space    used 9100K, committed 9856K, reserved 1048576K
}
Event: 1058.060 GC heap after
{Heap after GC invocations=2461 (full 5):
 PSYoungGen      total 4096K, used 512K [0x00000000d5580000, 0x00000000d5e80000, 0x0000000100000000)
  eden space 3584K, 0% used [0x00000000d5580000,0x00000000d5580000,0x00000000d5900000)
  from space 512K, 100% used [0x00000000d5b80000,0x00000000d5c00000,0x00000000d5c00000)
  to   space 2560K, 0% used [0x00000000d5900000,0x00000000d5900000,0x00000000d5b80000)
 ParOldGen       total 867840K, used 213593K [0x0000000080000000, 0x00000000b4f80000, 0x00000000d5580000)
  object space 867840K, 24% used [0x0000000080000000,0x000000008d096700,0x00000000b4f80000)
 Metaspace       used 87845K, committed 89536K, reserved 1179648K
  class space    used 9100K, committed 9856K, reserved 1048576K
}
Event: 1058.069 GC heap before
{Heap before GC invocations=2462 (full 5):
 PSYoungGen      total 4096K, used 4096K [0x00000000d5580000, 0x00000000d5e80000, 0x0000000100000000)
  eden space 3584K, 100% used [0x00000000d5580000,0x00000000d5900000,0x00000000d5900000)
  from space 512K, 100% used [0x00000000d5b80000,0x00000000d5c00000,0x00000000d5c00000)
  to   space 2560K, 0% used [0x00000000d5900000,0x00000000d5900000,0x00000000d5b80000)
 ParOldGen       total 867840K, used 213593K [0x0000000080000000, 0x00000000b4f80000, 0x00000000d5580000)
  object space 867840K, 24% used [0x0000000080000000,0x000000008d096700,0x00000000b4f80000)
 Metaspace       used 87845K, committed 89536K, reserved 1179648K
  class space    used 9100K, committed 9856K, reserved 1048576K
}
Event: 1058.070 GC heap after
{Heap after GC invocations=2462 (full 5):
 PSYoungGen      total 4608K, used 800K [0x00000000d5580000, 0x00000000d5c00000, 0x0000000100000000)
  eden space 3584K, 0% used [0x00000000d5580000,0x00000000d5580000,0x00000000d5900000)
  from space 1024K, 78% used [0x00000000d5900000,0x00000000d59c8000,0x00000000d5a00000)
  to   space 1536K, 0% used [0x00000000d5a80000,0x00000000d5a80000,0x00000000d5c00000)
 ParOldGen       total 867840K, used 214108K [0x0000000080000000, 0x00000000b4f80000, 0x00000000d5580000)
  object space 867840K, 24% used [0x0000000080000000,0x000000008d117270,0x00000000b4f80000)
 Metaspace       used 87845K, committed 89536K, reserved 1179648K
  class space    used 9100K, committed 9856K, reserved 1048576K
}
Event: 1058.076 GC heap before
{Heap before GC invocations=2463 (full 5):
 PSYoungGen      total 4608K, used 4383K [0x00000000d5580000, 0x00000000d5c00000, 0x0000000100000000)
  eden space 3584K, 99% used [0x00000000d5580000,0x00000000d58ffdc8,0x00000000d5900000)
  from space 1024K, 78% used [0x00000000d5900000,0x00000000d59c8000,0x00000000d5a00000)
  to   space 1536K, 0% used [0x00000000d5a80000,0x00000000d5a80000,0x00000000d5c00000)
 ParOldGen       total 867840K, used 214108K [0x0000000080000000, 0x00000000b4f80000, 0x00000000d5580000)
  object space 867840K, 24% used [0x0000000080000000,0x000000008d117270,0x00000000b4f80000)
 Metaspace       used 87845K, committed 89536K, reserved 1179648K
  class space    used 9100K, committed 9856K, reserved 1048576K
}
Event: 1058.077 GC heap after
{Heap after GC invocations=2463 (full 5):
 PSYoungGen      total 4096K, used 512K [0x00000000d5580000, 0x00000000d5b00000, 0x0000000100000000)
  eden space 3584K, 0% used [0x00000000d5580000,0x00000000d5580000,0x00000000d5900000)
  from space 512K, 100% used [0x00000000d5a80000,0x00000000d5b00000,0x00000000d5b00000)
  to   space 1024K, 0% used [0x00000000d5900000,0x00000000d5900000,0x00000000d5a00000)
 ParOldGen       total 867840K, used 214497K [0x0000000080000000, 0x00000000b4f80000, 0x00000000d5580000)
  object space 867840K, 24% used [0x0000000080000000,0x000000008d178670,0x00000000b4f80000)
 Metaspace       used 87845K, committed 89536K, reserved 1179648K
  class space    used 9100K, committed 9856K, reserved 1048576K
}
Event: 1058.081 GC heap before
{Heap before GC invocations=2464 (full 5):
 PSYoungGen      total 4096K, used 4096K [0x00000000d5580000, 0x00000000d5b00000, 0x0000000100000000)
  eden space 3584K, 100% used [0x00000000d5580000,0x00000000d5900000,0x00000000d5900000)
  from space 512K, 100% used [0x00000000d5a80000,0x00000000d5b00000,0x00000000d5b00000)
  to   space 1024K, 0% used [0x00000000d5900000,0x00000000d5900000,0x00000000d5a00000)
 ParOldGen       total 867840K, used 214497K [0x0000000080000000, 0x00000000b4f80000, 0x00000000d5580000)
  object space 867840K, 24% used [0x0000000080000000,0x000000008d178670,0x00000000b4f80000)
 Metaspace       used 87845K, committed 89536K, reserved 1179648K
  class space    used 9100K, committed 9856K, reserved 1048576K
}
Event: 1058.082 GC heap after
{Heap after GC invocations=2464 (full 5):
 PSYoungGen      total 4608K, used 448K [0x00000000d5580000, 0x00000000d5b00000, 0x0000000100000000)
  eden space 3584K, 0% used [0x00000000d5580000,0x00000000d5580000,0x00000000d5900000)
  from space 1024K, 43% used [0x00000000d5900000,0x00000000d5970000,0x00000000d5a00000)
  to   space 512K, 0% used [0x00000000d5a80000,0x00000000d5a80000,0x00000000d5b00000)
 ParOldGen       total 867840K, used 214864K [0x0000000080000000, 0x00000000b4f80000, 0x00000000d5580000)
  object space 867840K, 24% used [0x0000000080000000,0x000000008d1d40c0,0x00000000b4f80000)
 Metaspace       used 87845K, committed 89536K, reserved 1179648K
  class space    used 9100K, committed 9856K, reserved 1048576K
}
Event: 1058.086 GC heap before
{Heap before GC invocations=2465 (full 5):
 PSYoungGen      total 4608K, used 4032K [0x00000000d5580000, 0x00000000d5b00000, 0x0000000100000000)
  eden space 3584K, 100% used [0x00000000d5580000,0x00000000d5900000,0x00000000d5900000)
  from space 1024K, 43% used [0x00000000d5900000,0x00000000d5970000,0x00000000d5a00000)
  to   space 512K, 0% used [0x00000000d5a80000,0x00000000d5a80000,0x00000000d5b00000)
 ParOldGen       total 867840K, used 214864K [0x0000000080000000, 0x00000000b4f80000, 0x00000000d5580000)
  object space 867840K, 24% used [0x0000000080000000,0x000000008d1d40c0,0x00000000b4f80000)
 Metaspace       used 87845K, committed 89536K, reserved 1179648K
  class space    used 9100K, committed 9856K, reserved 1048576K
}
Event: 1058.086 GC heap after
{Heap after GC invocations=2465 (full 5):
 PSYoungGen      total 4096K, used 464K [0x00000000d5580000, 0x00000000d5b00000, 0x0000000100000000)
  eden space 3584K, 0% used [0x00000000d5580000,0x00000000d5580000,0x00000000d5900000)
  from space 512K, 90% used [0x00000000d5a80000,0x00000000d5af4010,0x00000000d5b00000)
  to   space 512K, 0% used [0x00000000d5a00000,0x00000000d5a00000,0x00000000d5a80000)
 ParOldGen       total 867840K, used 214920K [0x0000000080000000, 0x00000000b4f80000, 0x00000000d5580000)
  object space 867840K, 24% used [0x0000000080000000,0x000000008d1e20c0,0x00000000b4f80000)
 Metaspace       used 87845K, committed 89536K, reserved 1179648K
  class space    used 9100K, committed 9856K, reserved 1048576K
}

Dll operation events (12 events):
Event: 0.007 Loaded shared library c:\Users\fafirru\.vscode\extensions\redhat.java-1.46.0-win32-x64\jre\21.0.8-win32-x86_64\bin\java.dll
Event: 0.055 Loaded shared library c:\Users\fafirru\.vscode\extensions\redhat.java-1.46.0-win32-x64\jre\21.0.8-win32-x86_64\bin\zip.dll
Event: 0.065 Loaded shared library C:\Users\fafirru\.vscode\extensions\redhat.java-1.46.0-win32-x64\jre\21.0.8-win32-x86_64\bin\instrument.dll
Event: 0.068 Loaded shared library C:\Users\fafirru\.vscode\extensions\redhat.java-1.46.0-win32-x64\jre\21.0.8-win32-x86_64\bin\net.dll
Event: 0.069 Loaded shared library C:\Users\fafirru\.vscode\extensions\redhat.java-1.46.0-win32-x64\jre\21.0.8-win32-x86_64\bin\nio.dll
Event: 0.070 Loaded shared library C:\Users\fafirru\.vscode\extensions\redhat.java-1.46.0-win32-x64\jre\21.0.8-win32-x86_64\bin\zip.dll
Event: 0.080 Loaded shared library C:\Users\fafirru\.vscode\extensions\redhat.java-1.46.0-win32-x64\jre\21.0.8-win32-x86_64\bin\jimage.dll
Event: 0.116 Loaded shared library c:\Users\fafirru\.vscode\extensions\redhat.java-1.46.0-win32-x64\jre\21.0.8-win32-x86_64\bin\verify.dll
Event: 0.657 Loaded shared library C:\Users\fafirru\AppData\Roaming\Code\User\globalStorage\redhat.java\1.46.0\config_win\org.eclipse.equinox.launcher\org.eclipse.equinox.launcher.win32.win32.x86_64_1.2.1400.v20250801-0854\eclipse_11916.dll
Event: 1.648 Loaded shared library C:\Users\fafirru\AppData\Local\Temp\jna--1089437001\jna11682232308725370208.dll
Event: 124.640 Loaded shared library C:\Users\fafirru\.vscode\extensions\redhat.java-1.46.0-win32-x64\jre\21.0.8-win32-x86_64\bin\sunmscapi.dll
Event: 124.789 Loaded shared library C:\Users\fafirru\.vscode\extensions\redhat.java-1.46.0-win32-x64\jre\21.0.8-win32-x86_64\bin\extnet.dll

Deoptimization events (20 events):
Event: 1044.563 Thread 0x0000017df7cab080 Uncommon trap: trap_request=0xffffffde fr.pc=0x0000017de54d5178 relative=0x0000000000001578
Event: 1044.563 Thread 0x0000017df7cab080 Uncommon trap: reason=class_check action=maybe_recompile pc=0x0000017de54d5178 method=org.eclipse.jdt.internal.compiler.parser.Scanner.getNextToken0()Lorg/eclipse/jdt/internal/compiler/parser/TerminalToken; @ 2897 c2
Event: 1044.563 Thread 0x0000017df7cab080 DEOPT PACKING pc=0x0000017de54d5178 sp=0x00000023494fe370
Event: 1044.563 Thread 0x0000017df7cab080 DEOPT UNPACKING pc=0x0000017de4613aa2 sp=0x00000023494fe2f8 mode 2
Event: 1056.029 Thread 0x0000017df82ff9e0 Uncommon trap: trap_request=0xffffffc6 fr.pc=0x0000017de6108420 relative=0x0000000000000c20
Event: 1056.029 Thread 0x0000017df82ff9e0 Uncommon trap: reason=bimorphic_or_optimized_type_check action=maybe_recompile pc=0x0000017de6108420 method=org.eclipse.jdt.internal.compiler.parser.Parser.consumeRule(I)V @ 5031 c2
Event: 1056.029 Thread 0x0000017df82ff9e0 DEOPT PACKING pc=0x0000017de6108420 sp=0x000000234acfe2d0
Event: 1056.029 Thread 0x0000017df82ff9e0 DEOPT UNPACKING pc=0x0000017de4613aa2 sp=0x000000234acfe258 mode 2
Event: 1056.029 Thread 0x0000017df82ff9e0 Uncommon trap: trap_request=0xffffffc6 fr.pc=0x0000017de6108420 relative=0x0000000000000c20
Event: 1056.029 Thread 0x0000017df82ff9e0 Uncommon trap: reason=bimorphic_or_optimized_type_check action=maybe_recompile pc=0x0000017de6108420 method=org.eclipse.jdt.internal.compiler.parser.Parser.consumeRule(I)V @ 5031 c2
Event: 1056.029 Thread 0x0000017df82ff9e0 DEOPT PACKING pc=0x0000017de6108420 sp=0x000000234acfe2d0
Event: 1056.029 Thread 0x0000017df82ff9e0 DEOPT UNPACKING pc=0x0000017de4613aa2 sp=0x000000234acfe258 mode 2
Event: 1056.029 Thread 0x0000017df82ff9e0 Uncommon trap: trap_request=0xffffff45 fr.pc=0x0000017de6002220 relative=0x0000000000000100
Event: 1056.029 Thread 0x0000017df82ff9e0 Uncommon trap: reason=unstable_if action=reinterpret pc=0x0000017de6002220 method=org.eclipse.jdt.internal.codeassist.complete.CompletionParser.isInsideSwitch()Z @ 14 c2
Event: 1056.029 Thread 0x0000017df82ff9e0 DEOPT PACKING pc=0x0000017de6002220 sp=0x000000234acfe200
Event: 1056.029 Thread 0x0000017df82ff9e0 DEOPT UNPACKING pc=0x0000017de4613aa2 sp=0x000000234acfe190 mode 2
Event: 1058.055 Thread 0x0000017df8300d90 Uncommon trap: trap_request=0xffffff45 fr.pc=0x0000017de5440334 relative=0x0000000000000094
Event: 1058.056 Thread 0x0000017df8300d90 Uncommon trap: reason=unstable_if action=reinterpret pc=0x0000017de5440334 method=org.eclipse.jdt.internal.compiler.util.Util.getLineNumber(I[III)I @ 50 c2
Event: 1058.056 Thread 0x0000017df8300d90 DEOPT PACKING pc=0x0000017de5440334 sp=0x000000234a8fde70
Event: 1058.056 Thread 0x0000017df8300d90 DEOPT UNPACKING pc=0x0000017de4613aa2 sp=0x000000234a8fddf8 mode 2

Classes loaded (20 events):
Event: 376.902 Loading class java/util/TimerThread
Event: 376.902 Loading class java/util/TimerThread done
Event: 376.903 Loading class java/util/Timer$ThreadReaper
Event: 376.903 Loading class java/util/Timer$ThreadReaper done
Event: 376.904 Loading class java/util/concurrent/CompletableFuture$UniWhenComplete
Event: 376.905 Loading class java/util/concurrent/CompletableFuture$UniWhenComplete done
Event: 376.905 Loading class java/util/concurrent/CompletableFuture$UniCompose
Event: 376.905 Loading class java/util/concurrent/CompletableFuture$UniCompose done
Event: 376.905 Loading class java/util/concurrent/CompletableFuture$UniRelay
Event: 376.905 Loading class java/util/concurrent/CompletableFuture$UniRelay done
Event: 377.820 Loading class java/util/concurrent/ScheduledThreadPoolExecutor$DelayedWorkQueue$Itr
Event: 377.821 Loading class java/util/concurrent/ScheduledThreadPoolExecutor$DelayedWorkQueue$Itr done
Event: 377.973 Loading class java/lang/ProcessHandleImpl$ExitCompletion
Event: 377.973 Loading class java/lang/ProcessHandleImpl$ExitCompletion done
Event: 377.973 Loading class java/lang/ProcessHandleImpl$1
Event: 377.973 Loading class java/lang/ProcessHandleImpl$1 done
Event: 377.974 Loading class java/util/concurrent/CompletableFuture$UniHandle
Event: 377.974 Loading class java/util/concurrent/CompletableFuture$UniHandle done
Event: 654.652 Loading class jdk/internal/reflect/MethodHandleByteFieldAccessorImpl
Event: 654.652 Loading class jdk/internal/reflect/MethodHandleByteFieldAccessorImpl done

Classes unloaded (7 events):
Event: 1.929 Thread 0x0000017dd9e34260 Unloading class 0x0000017d811ad000 'java/lang/invoke/LambdaForm$MH+0x0000017d811ad000'
Event: 1.929 Thread 0x0000017dd9e34260 Unloading class 0x0000017d811acc00 'java/lang/invoke/LambdaForm$MH+0x0000017d811acc00'
Event: 1.929 Thread 0x0000017dd9e34260 Unloading class 0x0000017d811ac800 'java/lang/invoke/LambdaForm$MH+0x0000017d811ac800'
Event: 1.929 Thread 0x0000017dd9e34260 Unloading class 0x0000017d811ac400 'java/lang/invoke/LambdaForm$MH+0x0000017d811ac400'
Event: 1.929 Thread 0x0000017dd9e34260 Unloading class 0x0000017d811ac000 'java/lang/invoke/LambdaForm$BMH+0x0000017d811ac000'
Event: 1.929 Thread 0x0000017dd9e34260 Unloading class 0x0000017d811abc00 'java/lang/invoke/LambdaForm$DMH+0x0000017d811abc00'
Event: 1.929 Thread 0x0000017dd9e34260 Unloading class 0x0000017d811aa800 'java/lang/invoke/LambdaForm$DMH+0x0000017d811aa800'

Classes redefined (0 events):
No events

Internal exceptions (20 events):
Event: 1016.383 Thread 0x0000017df740f060 Exception <a 'java/lang/ClassNotFoundException'{0x00000000d585aa98}: sun/net/www/protocol/jdt/Handler> (0x00000000d585aa98) 
thrown [s\src\hotspot\share\classfile\systemDictionary.cpp, line 312]
Event: 1016.383 Thread 0x0000017df740f060 Exception <a 'java/lang/ClassNotFoundException'{0x00000000d585d058}: sun/net/www/protocol/jdt/Handler> (0x00000000d585d058) 
thrown [s\src\hotspot\share\classfile\systemDictionary.cpp, line 312]
Event: 1019.100 Thread 0x0000017df740f060 Exception <a 'java/lang/ClassNotFoundException'{0x00000000d5748130}: sun/net/www/protocol/jdt/Handler> (0x00000000d5748130) 
thrown [s\src\hotspot\share\classfile\systemDictionary.cpp, line 312]
Event: 1019.100 Thread 0x0000017df740f060 Exception <a 'java/lang/ClassNotFoundException'{0x00000000d575b140}: sun/net/www/protocol/jdt/Handler> (0x00000000d575b140) 
thrown [s\src\hotspot\share\classfile\systemDictionary.cpp, line 312]
Event: 1019.100 Thread 0x0000017df740f060 Exception <a 'java/lang/ClassNotFoundException'{0x00000000d575d740}: sun/net/www/protocol/jdt/Handler> (0x00000000d575d740) 
thrown [s\src\hotspot\share\classfile\systemDictionary.cpp, line 312]
Event: 1019.100 Thread 0x0000017df740f060 Exception <a 'java/lang/ClassNotFoundException'{0x00000000d57609c8}: sun/net/www/protocol/jdt/Handler> (0x00000000d57609c8) 
thrown [s\src\hotspot\share\classfile\systemDictionary.cpp, line 312]
Event: 1019.100 Thread 0x0000017df740f060 Exception <a 'java/lang/ClassNotFoundException'{0x00000000d5762d40}: sun/net/www/protocol/jdt/Handler> (0x00000000d5762d40) 
thrown [s\src\hotspot\share\classfile\systemDictionary.cpp, line 312]
Event: 1019.456 Thread 0x0000017df740f060 Exception <a 'java/lang/ClassNotFoundException'{0x00000000d58e6db8}: sun/net/www/protocol/jdt/Handler> (0x00000000d58e6db8) 
thrown [s\src\hotspot\share\classfile\systemDictionary.cpp, line 312]
Event: 1019.456 Thread 0x0000017df740f060 Exception <a 'java/lang/ClassNotFoundException'{0x00000000d58f9470}: sun/net/www/protocol/jdt/Handler> (0x00000000d58f9470) 
thrown [s\src\hotspot\share\classfile\systemDictionary.cpp, line 312]
Event: 1019.457 Thread 0x0000017df740f060 Exception <a 'java/lang/ClassNotFoundException'{0x00000000d58fb6b0}: sun/net/www/protocol/jdt/Handler> (0x00000000d58fb6b0) 
thrown [s\src\hotspot\share\classfile\systemDictionary.cpp, line 312]
Event: 1032.973 Thread 0x0000017df82ff9e0 Exception <a 'java/lang/ArrayIndexOutOfBoundsException'{0x00000000d57b3670}: Index 476 out of bounds for length 476> (0x00000000d57b3670) 
thrown [s\src\hotspot\share\interpreter\interpreterRuntime.cpp, line 439]
Event: 1032.973 Thread 0x0000017df82ff9e0 Exception <a 'java/lang/ArrayIndexOutOfBoundsException'{0x00000000d57b3c48}: Index 477 out of bounds for length 476> (0x00000000d57b3c48) 
thrown [s\src\hotspot\share\interpreter\interpreterRuntime.cpp, line 439]
Event: 1033.998 Thread 0x0000017df93b3e60 Exception <a 'java/lang/ArrayIndexOutOfBoundsException'{0x00000000d55e5c98}> (0x00000000d55e5c98) 
thrown [s\src\hotspot\share\runtime\sharedRuntime.cpp, line 625]
Event: 1035.146 Thread 0x0000017df93b3e60 Exception <a 'java/lang/ArrayIndexOutOfBoundsException'{0x00000000d571d888}> (0x00000000d571d888) 
thrown [s\src\hotspot\share\runtime\sharedRuntime.cpp, line 625]
Event: 1041.796 Thread 0x0000017df93b3e60 Exception <a 'java/lang/ArrayIndexOutOfBoundsException'{0x00000000d5848930}> (0x00000000d5848930) 
thrown [s\src\hotspot\share\runtime\sharedRuntime.cpp, line 625]
Event: 1043.039 Thread 0x0000017df93b3e60 Exception <a 'java/lang/ArrayIndexOutOfBoundsException'{0x00000000d586f310}> (0x00000000d586f310) 
thrown [s\src\hotspot\share\runtime\sharedRuntime.cpp, line 625]
Event: 1056.027 Thread 0x0000017df82ff9e0 Exception <a 'java/lang/ArrayIndexOutOfBoundsException'{0x00000000d590cf18}> (0x00000000d590cf18) 
thrown [s\src\hotspot\share\runtime\sharedRuntime.cpp, line 625]
Event: 1056.029 Thread 0x0000017df82ff9e0 Exception <a 'java/lang/ArrayIndexOutOfBoundsException'{0x00000000d55a5830}> (0x00000000d55a5830) 
thrown [s\src\hotspot\share\runtime\sharedRuntime.cpp, line 625]
Event: 1056.029 Thread 0x0000017df82ff9e0 Exception <a 'java/lang/ArrayIndexOutOfBoundsException'{0x00000000d55a70c8}> (0x00000000d55a70c8) 
thrown [s\src\hotspot\share\runtime\sharedRuntime.cpp, line 625]
Event: 1056.029 Thread 0x0000017df82ff9e0 Exception <a 'java/lang/ArrayIndexOutOfBoundsException'{0x00000000d55a76a0}> (0x00000000d55a76a0) 
thrown [s\src\hotspot\share\runtime\sharedRuntime.cpp, line 625]

ZGC Phase Switch (0 events):
No events

VM Operations (20 events):
Event: 1045.506 Executing VM operation: ParallelGCFailedAllocation (Allocation Failure) done
Event: 1045.609 Executing VM operation: ParallelGCFailedAllocation (Allocation Failure)
Event: 1045.609 Executing VM operation: ParallelGCFailedAllocation (Allocation Failure) done
Event: 1052.007 Executing VM operation: ParallelGCFailedAllocation (Allocation Failure)
Event: 1052.008 Executing VM operation: ParallelGCFailedAllocation (Allocation Failure) done
Event: 1056.028 Executing VM operation: ParallelGCFailedAllocation (Allocation Failure)
Event: 1056.028 Executing VM operation: ParallelGCFailedAllocation (Allocation Failure) done
Event: 1056.036 Executing VM operation: ParallelGCFailedAllocation (Allocation Failure)
Event: 1058.053 Executing VM operation: ParallelGCFailedAllocation (Allocation Failure) done
Event: 1058.059 Executing VM operation: ParallelGCFailedAllocation (Allocation Failure)
Event: 1058.060 Executing VM operation: ParallelGCFailedAllocation (Allocation Failure) done
Event: 1058.069 Executing VM operation: ParallelGCFailedAllocation (Allocation Failure)
Event: 1058.070 Executing VM operation: ParallelGCFailedAllocation (Allocation Failure) done
Event: 1058.076 Executing VM operation: ParallelGCFailedAllocation (Allocation Failure)
Event: 1058.077 Executing VM operation: ParallelGCFailedAllocation (Allocation Failure) done
Event: 1058.081 Executing VM operation: ParallelGCFailedAllocation (Allocation Failure)
Event: 1058.082 Executing VM operation: ParallelGCFailedAllocation (Allocation Failure) done
Event: 1058.086 Executing VM operation: ParallelGCFailedAllocation (Allocation Failure)
Event: 1058.086 Executing VM operation: ParallelGCFailedAllocation (Allocation Failure) done
Event: 1058.586 Executing VM operation: ParallelGCFailedAllocation (Allocation Failure)

Memory protections (0 events):
No events

Nmethod flushes (20 events):
Event: 1044.218 Thread 0x0000017dd9e34260 flushing  nmethod 0x0000017ddf2bd490
Event: 1044.218 Thread 0x0000017dd9e34260 flushing  nmethod 0x0000017ddf2c6010
Event: 1044.218 Thread 0x0000017dd9e34260 flushing  nmethod 0x0000017ddf2c6590
Event: 1044.218 Thread 0x0000017dd9e34260 flushing  nmethod 0x0000017ddf2c6990
Event: 1044.218 Thread 0x0000017dd9e34260 flushing  nmethod 0x0000017ddf2c7110
Event: 1044.218 Thread 0x0000017dd9e34260 flushing  nmethod 0x0000017ddf2c7c10
Event: 1044.218 Thread 0x0000017dd9e34260 flushing  nmethod 0x0000017ddf2c8510
Event: 1044.218 Thread 0x0000017dd9e34260 flushing  nmethod 0x0000017ddf2c9790
Event: 1044.218 Thread 0x0000017dd9e34260 flushing  nmethod 0x0000017ddf2ca410
Event: 1044.218 Thread 0x0000017dd9e34260 flushing  nmethod 0x0000017ddf2ca910
Event: 1044.218 Thread 0x0000017dd9e34260 flushing  nmethod 0x0000017ddf2caf90
Event: 1044.218 Thread 0x0000017dd9e34260 flushing  nmethod 0x0000017ddf2cb810
Event: 1044.218 Thread 0x0000017dd9e34260 flushing  nmethod 0x0000017ddf2cc410
Event: 1044.218 Thread 0x0000017dd9e34260 flushing  nmethod 0x0000017ddf2ce390
Event: 1044.218 Thread 0x0000017dd9e34260 flushing  nmethod 0x0000017ddf2d5b90
Event: 1044.218 Thread 0x0000017dd9e34260 flushing  nmethod 0x0000017ddf2d6490
Event: 1044.218 Thread 0x0000017dd9e34260 flushing  nmethod 0x0000017ddf30bf90
Event: 1044.218 Thread 0x0000017dd9e34260 flushing  nmethod 0x0000017ddf30c310
Event: 1044.218 Thread 0x0000017dd9e34260 flushing  nmethod 0x0000017ddf30cf10
Event: 1044.218 Thread 0x0000017dd9e34260 flushing  nmethod 0x0000017ddf30f710

Events (20 events):
Event: 923.572 Thread 0x0000017df74124e0 Thread exited: 0x0000017df74124e0
Event: 960.969 Thread 0x0000017df82ff9e0 Thread added: 0x0000017df740f060
Event: 967.659 Thread 0x0000017df7cab080 Thread added: 0x0000017df7413890
Event: 992.683 Thread 0x0000017df7cab080 Thread added: 0x0000017df74124e0
Event: 992.683 Thread 0x0000017df74124e0 Thread added: 0x0000017df7411130
Event: 992.683 Thread 0x0000017df74124e0 Thread added: 0x0000017df7410410
Event: 992.684 Thread 0x0000017df7410410 Thread exited: 0x0000017df7410410
Event: 992.684 Thread 0x0000017df7411130 Thread exited: 0x0000017df7411130
Event: 992.684 Thread 0x0000017df74124e0 Thread exited: 0x0000017df74124e0
Event: 992.686 Thread 0x0000017df7cab080 Thread added: 0x0000017df7411130
Event: 992.686 Thread 0x0000017df7411130 Thread exited: 0x0000017df7411130
Event: 1004.373 Thread 0x0000017df740fd80 Thread exited: 0x0000017df740fd80
Event: 1016.365 Thread 0x0000017df19b95d0 Thread added: 0x0000017dfa505070
Event: 1016.713 Thread 0x0000017dfa505070 Thread exited: 0x0000017dfa505070
Event: 1025.146 Thread 0x0000017df19b95d0 Thread added: 0x0000017dfa5042d0
Event: 1025.381 Thread 0x0000017dfa5042d0 Thread exited: 0x0000017dfa5042d0
Event: 1058.071 Thread 0x0000017dfbaedda0 Thread added: 0x0000017df7410aa0
Event: 1058.072 Thread 0x0000017df82ff9e0 Thread added: 0x0000017df7411130
Event: 1058.073 Thread 0x0000017df82ff9e0 Thread added: 0x0000017df740fd80
Event: 1058.073 Thread 0x0000017df740fd80 Thread added: 0x0000017df74124e0


Dynamic libraries:
0x00007ff705f40000 - 0x00007ff705f4e000 	c:\Users\fafirru\.vscode\extensions\redhat.java-1.46.0-win32-x64\jre\21.0.8-win32-x86_64\bin\java.exe
0x00007ffc32c00000 - 0x00007ffc32e63000 	C:\Windows\SYSTEM32\ntdll.dll
0x00007ffc31850000 - 0x00007ffc31918000 	C:\Windows\System32\KERNEL32.DLL
0x00007ffc306a0000 - 0x00007ffc30a52000 	C:\Windows\System32\KERNELBASE.dll
0x00007ffc30350000 - 0x00007ffc3049b000 	C:\Windows\System32\ucrtbase.dll
0x00007ffc0aba0000 - 0x00007ffc0abbe000 	c:\Users\fafirru\.vscode\extensions\redhat.java-1.46.0-win32-x64\jre\21.0.8-win32-x86_64\bin\VCRUNTIME140.dll
0x00007ffc0abc0000 - 0x00007ffc0abd8000 	c:\Users\fafirru\.vscode\extensions\redhat.java-1.46.0-win32-x64\jre\21.0.8-win32-x86_64\bin\jli.dll
0x00007ffc32040000 - 0x00007ffc32208000 	C:\Windows\System32\USER32.dll
0x00007ffc2ffd0000 - 0x00007ffc2fff7000 	C:\Windows\System32\win32u.dll
0x00007ffc16860000 - 0x00007ffc16af0000 	C:\Windows\WinSxS\amd64_microsoft.windows.common-controls_6595b64144ccf1df_6.0.26100.2454_none_3e0b68a2e331ad60\COMCTL32.dll
0x00007ffc31180000 - 0x00007ffc311aa000 	C:\Windows\System32\GDI32.dll
0x00007ffc310d0000 - 0x00007ffc31179000 	C:\Windows\System32\msvcrt.dll
0x00007ffc30000000 - 0x00007ffc3012b000 	C:\Windows\System32\gdi32full.dll
0x00007ffc305f0000 - 0x00007ffc30693000 	C:\Windows\System32\msvcp_win.dll
0x00007ffc30f00000 - 0x00007ffc30f2f000 	C:\Windows\System32\IMM32.DLL
0x00007ffb87c90000 - 0x00007ffb87d82000 	D:\Windhawk\Engine\1.6.1\64\windhawk.dll
0x00007ffc30f40000 - 0x00007ffc30ff4000 	C:\Windows\System32\ADVAPI32.dll
0x00007ffc32a60000 - 0x00007ffc32b06000 	C:\Windows\System32\sechost.dll
0x00007ffc30d50000 - 0x00007ffc30e66000 	C:\Windows\System32\RPCRT4.dll
0x00007ffbd7f30000 - 0x00007ffbd7f58000 	D:\Windhawk\AppData\Engine\Mods\64\explorer-details-better-file-sizes_1.4.11_973393.dll
0x00007ffc31650000 - 0x00007ffc317e9000 	C:\Windows\System32\ole32.dll
0x00007ffc311e0000 - 0x00007ffc3155e000 	C:\Windows\System32\combase.dll
0x00007ffc32900000 - 0x00007ffc329d6000 	C:\Windows\System32\OLEAUT32.dll
0x00007ffc31920000 - 0x00007ffc32021000 	C:\Windows\System32\SHELL32.dll
0x00007ffc26400000 - 0x00007ffc264f4000 	C:\Windows\SYSTEM32\PROPSYS.dll
0x00007ffb87ae0000 - 0x00007ffb87c89000 	D:\Windhawk\AppData\Engine\Mods\64\libc++.whl
0x00007ffbd7ef0000 - 0x00007ffbd7f2a000 	D:\Windhawk\AppData\Engine\Mods\64\libunwind.whl
0x00007ffc2dd40000 - 0x00007ffc2e571000 	C:\Windows\SYSTEM32\windows.storage.dll
0x00007ffc29600000 - 0x00007ffc2960c000 	c:\Users\fafirru\.vscode\extensions\redhat.java-1.46.0-win32-x64\jre\21.0.8-win32-x86_64\bin\vcruntime140_1.dll
0x00007ffbdcd20000 - 0x00007ffbdcdad000 	c:\Users\fafirru\.vscode\extensions\redhat.java-1.46.0-win32-x64\jre\21.0.8-win32-x86_64\bin\msvcp140.dll
0x00007ffb8aff0000 - 0x00007ffb8bd87000 	c:\Users\fafirru\.vscode\extensions\redhat.java-1.46.0-win32-x64\jre\21.0.8-win32-x86_64\bin\server\jvm.dll
0x00007ffc329e0000 - 0x00007ffc32a54000 	C:\Windows\System32\WS2_32.dll
0x00007ffc2eca0000 - 0x00007ffc2ecee000 	C:\Windows\SYSTEM32\POWRPROF.dll
0x00007ffc289c0000 - 0x00007ffc289f6000 	C:\Windows\SYSTEM32\WINMM.dll
0x00007ffc28980000 - 0x00007ffc2898b000 	C:\Windows\SYSTEM32\VERSION.dll
0x00007ffc2ec80000 - 0x00007ffc2ec94000 	C:\Windows\SYSTEM32\UMPDC.dll
0x00007ffc2eec0000 - 0x00007ffc2eeda000 	C:\Windows\SYSTEM32\kernel.appcore.dll
0x00007ffc289b0000 - 0x00007ffc289ba000 	c:\Users\fafirru\.vscode\extensions\redhat.java-1.46.0-win32-x64\jre\21.0.8-win32-x86_64\bin\jimage.dll
0x00007ffc2da20000 - 0x00007ffc2dc61000 	C:\Windows\SYSTEM32\DBGHELP.DLL
0x00007ffc1a610000 - 0x00007ffc1a649000 	C:\Windows\SYSTEM32\dbgcore.DLL
0x00007ffc30130000 - 0x00007ffc301c9000 	C:\Windows\System32\bcryptPrimitives.dll
0x00007ffc29620000 - 0x00007ffc2962f000 	c:\Users\fafirru\.vscode\extensions\redhat.java-1.46.0-win32-x64\jre\21.0.8-win32-x86_64\bin\instrument.dll
0x00007ffc160d0000 - 0x00007ffc160ef000 	c:\Users\fafirru\.vscode\extensions\redhat.java-1.46.0-win32-x64\jre\21.0.8-win32-x86_64\bin\java.dll
0x00007ffc31570000 - 0x00007ffc3164a000 	C:\Windows\System32\SHCORE.dll
0x00007ffc32b10000 - 0x00007ffc32b6d000 	C:\Windows\System32\shlwapi.dll
0x00007ffc2fee0000 - 0x00007ffc2ff0e000 	C:\Windows\SYSTEM32\profapi.dll
0x00007ffc160b0000 - 0x00007ffc160c8000 	c:\Users\fafirru\.vscode\extensions\redhat.java-1.46.0-win32-x64\jre\21.0.8-win32-x86_64\bin\zip.dll
0x00007ffc29610000 - 0x00007ffc29620000 	C:\Users\fafirru\.vscode\extensions\redhat.java-1.46.0-win32-x64\jre\21.0.8-win32-x86_64\bin\net.dll
0x00007ffc286b0000 - 0x00007ffc287d6000 	C:\Windows\SYSTEM32\WINHTTP.dll
0x00007ffc2f420000 - 0x00007ffc2f488000 	C:\Windows\system32\mswsock.dll
0x00007ffc01e20000 - 0x00007ffc01e36000 	C:\Users\fafirru\.vscode\extensions\redhat.java-1.46.0-win32-x64\jre\21.0.8-win32-x86_64\bin\nio.dll
0x00007ffc26cb0000 - 0x00007ffc26cc0000 	c:\Users\fafirru\.vscode\extensions\redhat.java-1.46.0-win32-x64\jre\21.0.8-win32-x86_64\bin\verify.dll
0x00007ffbee740000 - 0x00007ffbee784000 	C:\Users\fafirru\AppData\Roaming\Code\User\globalStorage\redhat.java\1.46.0\config_win\org.eclipse.equinox.launcher\org.eclipse.equinox.launcher.win32.win32.x86_64_1.2.1400.v20250801-0854\eclipse_11916.dll
0x00007ffc2f6c0000 - 0x00007ffc2f6dc000 	C:\Windows\SYSTEM32\CRYPTSP.dll
0x00007ffc2ee80000 - 0x00007ffc2eeb8000 	C:\Windows\system32\rsaenh.dll
0x00007ffc2f4c0000 - 0x00007ffc2f4eb000 	C:\Windows\SYSTEM32\USERENV.dll
0x00007ffc2f900000 - 0x00007ffc2f926000 	C:\Windows\SYSTEM32\bcrypt.dll
0x00007ffc2f6e0000 - 0x00007ffc2f6ec000 	C:\Windows\SYSTEM32\CRYPTBASE.dll
0x00007ffc2e930000 - 0x00007ffc2e962000 	C:\Windows\SYSTEM32\IPHLPAPI.DLL
0x00007ffc30ef0000 - 0x00007ffc30efa000 	C:\Windows\System32\NSI.dll
0x00007ffbed9b0000 - 0x00007ffbed9f9000 	C:\Users\fafirru\AppData\Local\Temp\jna--1089437001\jna11682232308725370208.dll
0x00007ffc32370000 - 0x00007ffc32378000 	C:\Windows\System32\PSAPI.DLL
0x00007ffc27c60000 - 0x00007ffc27c7e000 	C:\Windows\SYSTEM32\dhcpcsvc6.DLL
0x00007ffc26a60000 - 0x00007ffc26a85000 	C:\Windows\SYSTEM32\dhcpcsvc.DLL
0x00007ffc29d60000 - 0x00007ffc29d6e000 	C:\Users\fafirru\.vscode\extensions\redhat.java-1.46.0-win32-x64\jre\21.0.8-win32-x86_64\bin\sunmscapi.dll
0x00007ffc301d0000 - 0x00007ffc30346000 	C:\Windows\System32\CRYPT32.dll
0x00007ffc2f8c0000 - 0x00007ffc2f8f0000 	C:\Windows\SYSTEM32\ncrypt.dll
0x00007ffc2f870000 - 0x00007ffc2f8af000 	C:\Windows\SYSTEM32\NTASN1.dll
0x00007ffc2e970000 - 0x00007ffc2ea95000 	C:\Windows\SYSTEM32\DNSAPI.dll
0x00007ffc24760000 - 0x00007ffc2476b000 	C:\Windows\System32\rasadhlp.dll
0x00007ffc24850000 - 0x00007ffc248d5000 	C:\Windows\System32\fwpuclnt.dll
0x00007ffc28600000 - 0x00007ffc28609000 	C:\Users\fafirru\.vscode\extensions\redhat.java-1.46.0-win32-x64\jre\21.0.8-win32-x86_64\bin\extnet.dll

JVMTI agents:
c:\Users\fafirru\.vscode\extensions\redhat.java-1.46.0-win32-x64\lombok\lombok-1.18.39-4050.jar path:c:\Users\fafirru\.vscode\extensions\redhat.java-1.46.0-win32-x64\jre\21.0.8-win32-x86_64\bin\instrument.dll, loaded, initialized, instrumentlib options:none

dbghelp: loaded successfully - version: 4.0.5 - missing functions: none
symbol engine: initialized successfully - sym options: 0x614 - pdb path: .;c:\Users\fafirru\.vscode\extensions\redhat.java-1.46.0-win32-x64\jre\21.0.8-win32-x86_64\bin;C:\Windows\SYSTEM32;C:\Windows\WinSxS\amd64_microsoft.windows.common-controls_6595b64144ccf1df_6.0.26100.2454_none_3e0b68a2e331ad60;D:\Windhawk\Engine\1.6.1\64;D:\Windhawk\AppData\Engine\Mods\64;c:\Users\fafirru\.vscode\extensions\redhat.java-1.46.0-win32-x64\jre\21.0.8-win32-x86_64\bin\server;C:\Users\fafirru\AppData\Roaming\Code\User\globalStorage\redhat.java\1.46.0\config_win\org.eclipse.equinox.launcher\org.eclipse.equinox.launcher.win32.win32.x86_64_1.2.1400.v20250801-0854;C:\Users\fafirru\AppData\Local\Temp\jna--1089437001

VM Arguments:
jvm_args: --add-modules=ALL-SYSTEM --add-opens=java.base/java.util=ALL-UNNAMED --add-opens=java.base/java.lang=ALL-UNNAMED --add-opens=java.base/sun.nio.fs=ALL-UNNAMED -Declipse.application=org.eclipse.jdt.ls.core.id1 -Dosgi.bundles.defaultStartLevel=4 -Declipse.product=org.eclipse.jdt.ls.core.product -Djava.import.generatesMetadataFilesAtProjectRoot=false -DDetectVMInstallationsJob.disabled=true -Dfile.encoding=utf8 -XX:+UseParallelGC -XX:GCTimeRatio=4 -XX:AdaptiveSizePolicyWeight=90 -Dsun.zip.disableMemoryMapping=true -Xmx2G -Xms100m -Xlog:disable -javaagent:c:\Users\fafirru\.vscode\extensions\redhat.java-1.46.0-win32-x64\lombok\lombok-1.18.39-4050.jar -XX:+HeapDumpOnOutOfMemoryError -XX:HeapDumpPath=c:\Users\fafirru\AppData\Roaming\Code\User\workspaceStorage\9fd6f807923466ce925655b0505966b2\redhat.java -Daether.dependencyCollector.impl=bf 
java_command: c:\Users\fafirru\.vscode\extensions\redhat.java-1.46.0-win32-x64\server\plugins\org.eclipse.equinox.launcher_1.7.0.v20250519-0528.jar -configuration c:\Users\fafirru\AppData\Roaming\Code\User\globalStorage\redhat.java\1.46.0\config_win -data c:\Users\fafirru\AppData\Roaming\Code\User\workspaceStorage\9fd6f807923466ce925655b0505966b2\redhat.java\jdt_ws --pipe=\\.\pipe\lsp-ec7f71fd675f467e86de87200251bfbb-sock
java_class_path (initial): c:\Users\fafirru\.vscode\extensions\redhat.java-1.46.0-win32-x64\server\plugins\org.eclipse.equinox.launcher_1.7.0.v20250519-0528.jar
Launcher Type: SUN_STANDARD

[Global flags]
    uintx AdaptiveSizePolicyWeight                 = 90                                        {product} {command line}
     intx CICompilerCount                          = 4                                         {product} {ergonomic}
    uintx GCTimeRatio                              = 4                                         {product} {command line}
     bool HeapDumpOnOutOfMemoryError               = true                                   {manageable} {command line}
    ccstr HeapDumpPath                             = c:\Users\fafirru\AppData\Roaming\Code\User\workspaceStorage\9fd6f807923466ce925655b0505966b2\redhat.java         {manageable} {command line}
   size_t InitialHeapSize                          = 104857600                                 {product} {command line}
   size_t MaxHeapSize                              = 2147483648                                {product} {command line}
   size_t MaxNewSize                               = 715653120                                 {product} {ergonomic}
   size_t MinHeapDeltaBytes                        = 524288                                    {product} {ergonomic}
   size_t MinHeapSize                              = 104857600                                 {product} {command line}
   size_t NewSize                                  = 34603008                                  {product} {ergonomic}
    uintx NonNMethodCodeHeapSize                   = 5839372                                {pd product} {ergonomic}
    uintx NonProfiledCodeHeapSize                  = 122909434                              {pd product} {ergonomic}
   size_t OldSize                                  = 70254592                                  {product} {ergonomic}
    uintx ProfiledCodeHeapSize                     = 122909434                              {pd product} {ergonomic}
    uintx ReservedCodeCacheSize                    = 251658240                              {pd product} {ergonomic}
     bool SegmentedCodeCache                       = true                                      {product} {ergonomic}
   size_t SoftMaxHeapSize                          = 2147483648                             {manageable} {ergonomic}
     bool UseCompressedOops                        = true                           {product lp64_product} {ergonomic}
     bool UseLargePagesIndividualAllocation        = false                                  {pd product} {ergonomic}
     bool UseParallelGC                            = true                                      {product} {command line}

Logging:
Log output configuration:
 #0: stdout all=off uptime,level,tags foldmultilines=false
 #1: stderr all=off uptime,level,tags foldmultilines=false

Environment Variables:
PATH=C:\Program Files\Common Files\Oracle\Java\javapath;C:\Program Files (x86)\Common Files\Intel\Shared Libraries\redist\intel64\compiler;C:\Windows\system32;C:\Windows;C:\Windows\System32\Wbem;C:\Windows\System32\WindowsPowerShell\v1.0\;C:\Windows\System32\OpenSSH\;C:\Program Files (x86)\NVIDIA Corporation\PhysX\Common;C:\ProgramData\chocolatey\bin;C:\Program Files\NVIDIA Corporation\NVIDIA App\NvDLISR;D:\Git\cmd;C:\Users\fafirru\AppData\Local\Microsoft\WindowsApps;C:\Users\fafirru\AppData\Local\spicetify;C:\Users\fafirru\AppData\Local\Programs\Microsoft VS Code\bin
USERNAME=fafirru
OS=Windows_NT
PROCESSOR_IDENTIFIER=Intel64 Family 6 Model 151 Stepping 2, GenuineIntel
TMP=C:\Users\fafirru\AppData\Local\Temp
TEMP=C:\Users\fafirru\AppData\Local\Temp




Periodic native trim disabled

---------------  S Y S T E M  ---------------

OS:
 Windows 11 , 64 bit Build 26100 (10.0.26100.2454)
OS uptime: 0 days 6:27 hours

CPU: total 12 (initial active 12) (6 cores per cpu, 2 threads per core) family 6 model 151 stepping 2 microcode 0x3a, cx8, cmov, fxsr, ht, mmx, 3dnowpref, sse, sse2, sse3, ssse3, sse4.1, sse4.2, popcnt, lzcnt, tsc, tscinvbit, avx, avx2, aes, erms, clmul, bmi1, bmi2, adx, sha, fma, vzeroupper, clflush, clflushopt, clwb, serialize, rdtscp, rdpid, fsrm, f16c, pku, cet_ibt, cet_ss
Processor Information for processor 0
  Max Mhz: 2400, Current Mhz: 2400, Mhz Limit: 2400
Processor Information for processor 1
  Max Mhz: 2400, Current Mhz: 1520, Mhz Limit: 2400
Processor Information for processor 2
  Max Mhz: 2400, Current Mhz: 2400, Mhz Limit: 2400
Processor Information for processor 3
  Max Mhz: 2400, Current Mhz: 1520, Mhz Limit: 2400
Processor Information for processor 4
  Max Mhz: 2400, Current Mhz: 1520, Mhz Limit: 2400
Processor Information for processor 5
  Max Mhz: 2400, Current Mhz: 2400, Mhz Limit: 2400
Processor Information for processor 6
  Max Mhz: 2400, Current Mhz: 1520, Mhz Limit: 2400
Processor Information for processor 7
  Max Mhz: 2400, Current Mhz: 2400, Mhz Limit: 2400
Processor Information for processor 8
  Max Mhz: 2400, Current Mhz: 2400, Mhz Limit: 2400
Processor Information for processor 9
  Max Mhz: 2400, Current Mhz: 2400, Mhz Limit: 2400
Processor Information for processor 10
  Max Mhz: 2400, Current Mhz: 2400, Mhz Limit: 2400
Processor Information for processor 11
  Max Mhz: 2400, Current Mhz: 2400, Mhz Limit: 2400

Memory: 4k page, system-wide physical 11995M (2490M free)
TotalPageFile size 11995M (AvailPageFile size 0M)
current process WorkingSet (physical memory assigned to process): 1319M, peak: 1321M
current process commit charge ("private bytes"): 1237M, peak: 1244M

vm_info: OpenJDK 64-Bit Server VM (21.0.8+9-LTS) for windows-amd64 JRE (21.0.8+9-LTS), built on 2025-07-15T00:00:00Z by "admin" with MS VC++ 17.7 (VS2022)

END.
